2019-03-25 09:48:52,795 ERROR 11609 [-/::1/-/35ms POST /label] nodejs.SequelizeDatabaseError: Field 'name' doesn't have a default value
    at Query.formatError (/Users/tubulang/myPratice/egg/egg-example/node_modules/sequelize/lib/dialects/mysql/query.js:247:16)
    at Query.handler [as onResult] (/Users/tubulang/myPratice/egg/egg-example/node_modules/sequelize/lib/dialects/mysql/query.js:68:23)
    at Query.execute (/Users/tubulang/myPratice/egg/egg-example/node_modules/mysql2/lib/commands/command.js:30:14)
    at Connection.handlePacket (/Users/tubulang/myPratice/egg/egg-example/node_modules/mysql2/lib/connection.js:449:32)
    at PacketParser.Connection.packetParser.p [as onPacket] (/Users/tubulang/myPratice/egg/egg-example/node_modules/mysql2/lib/connection.js:72:12)
    at PacketParser.executeStart (/Users/tubulang/myPratice/egg/egg-example/node_modules/mysql2/lib/packet_parser.js:75:16)
    at Socket.Connection.stream.on.data (/Users/tubulang/myPratice/egg/egg-example/node_modules/mysql2/lib/connection.js:79:25)
    at Socket.emit (events.js:182:13)
    at addChunk (_stream_readable.js:283:12)
    at readableAddChunk (_stream_readable.js:264:11)
    at Socket.Readable.push (_stream_readable.js:219:10)
    at TCP.onStreamRead [as onread] (internal/stream_base_commons.js:94:17)
From previous event:
    at Query.run (/Users/tubulang/myPratice/egg/egg-example/node_modules/sequelize/lib/dialects/mysql/query.js:57:12)
    at Promise.try.then.connection (/Users/tubulang/myPratice/egg/egg-example/node_modules/sequelize/lib/sequelize.js:558:20)
From previous event:
    at Promise.resolve.retryParameters (/Users/tubulang/myPratice/egg/egg-example/node_modules/sequelize/lib/sequelize.js:555:8)
    at /Users/tubulang/myPratice/egg/egg-example/node_modules/retry-as-promised/index.js:39:21
    at retryAsPromised (/Users/tubulang/myPratice/egg/egg-example/node_modules/retry-as-promised/index.js:29:10)
    at Sequelize.query (/Users/tubulang/myPratice/egg/egg-example/node_modules/sequelize/lib/sequelize.js:454:28)
    at QueryInterface.insert (/Users/tubulang/myPratice/egg/egg-example/node_modules/sequelize/lib/query-interface.js:901:27)
    at Promise.try.then.then.then (/Users/tubulang/myPratice/egg/egg-example/node_modules/sequelize/lib/model.js:3685:53)
    at runCallback (timers.js:705:18)
    at tryOnImmediate (timers.js:676:5)
    at processImmediate (timers.js:658:5)
From previous event:
    at model.save (/Users/tubulang/myPratice/egg/egg-example/node_modules/sequelize/lib/model.js:3661:8)
    at Function.create (/Users/tubulang/myPratice/egg/egg-example/node_modules/sequelize/lib/model.js:2023:8)
    at LabelController.create (/Users/tubulang/myPratice/egg/egg-example/app/controller/label.js:25:41)
    at Object.callFn (/Users/tubulang/myPratice/egg/egg-example/node_modules/egg-core/lib/utils/index.js:44:21)
    at Object.classControllerMiddleware (/Users/tubulang/myPratice/egg/egg-example/node_modules/egg-core/lib/loader/mixin/controller.js:87:20)
    at Object.callFn (/Users/tubulang/myPratice/egg/egg-example/node_modules/@eggjs/router/lib/utils.js:12:21)
    at wrappedController (/Users/tubulang/myPratice/egg/egg-example/node_modules/@eggjs/router/lib/egg_router.js:322:18)
    at dispatch (/Users/tubulang/myPratice/egg/egg-example/node_modules/koa-compose/index.js:44:32)
    at next (/Users/tubulang/myPratice/egg/egg-example/node_modules/koa-compose/index.js:45:18)
    at /Users/tubulang/myPratice/egg/egg-example/node_modules/@eggjs/router/lib/router.js:190:18
    at dispatch (/Users/tubulang/myPratice/egg/egg-example/node_modules/koa-compose/index.js:44:32)
    at /Users/tubulang/myPratice/egg/egg-example/node_modules/koa-compose/index.js:36:12
    at dispatch (/Users/tubulang/myPratice/egg/egg-example/node_modules/@eggjs/router/lib/router.js:195:33)
    at dispatch (/Users/tubulang/myPratice/egg/egg-example/node_modules/koa/node_modules/koa-compose/index.js:42:32)
    at /Users/tubulang/myPratice/egg/egg-example/node_modules/egg-development/app/middleware/egg_loader_trace.js:9:56
    at dispatch (/Users/tubulang/myPratice/egg/egg-example/node_modules/koa/node_modules/koa-compose/index.js:42:32)
    at i18n (/Users/tubulang/myPratice/egg/egg-example/node_modules/egg-i18n/app/middleware/i18n.js:13:12)
    at dispatch (/Users/tubulang/myPratice/egg/egg-example/node_modules/koa/node_modules/koa-compose/index.js:42:32)
    at dispatch (/Users/tubulang/myPratice/egg/egg-example/node_modules/egg-security/node_modules/koa-compose/index.js:42:32)
    at dta (/Users/tubulang/myPratice/egg/egg-example/node_modules/egg-security/lib/middlewares/dta.js:12:12)
    at dispatch (/Users/tubulang/myPratice/egg/egg-example/node_modules/egg-security/node_modules/koa-compose/index.js:42:32)
    at xframe (/Users/tubulang/myPratice/egg/egg-example/node_modules/egg-security/lib/middlewares/xframe.js:7:11)
    at dispatch (/Users/tubulang/myPratice/egg/egg-example/node_modules/egg-security/node_modules/koa-compose/index.js:42:32)
    at xssProtection (/Users/tubulang/myPratice/egg/egg-example/node_modules/egg-security/lib/middlewares/xssProtection.js:7:11)
    at dispatch (/Users/tubulang/myPratice/egg/egg-example/node_modules/egg-security/node_modules/koa-compose/index.js:42:32)
name: "SequelizeDatabaseError"
parent: {"code":"ER_NO_DEFAULT_FOR_FIELD","errno":1364,"sqlState":"HY000","sqlMessage":"Field 'name' doesn't have a default value","sql":"INSERT INTO `labels` (`id`,`created_at`,`updated_at`) VALUES (DEFAULT,'2019-03-25 01:48:52','2019-03-25 01:48:52');"}
original: {"code":"ER_NO_DEFAULT_FOR_FIELD","errno":1364,"sqlState":"HY000","sqlMessage":"Field 'name' doesn't have a default value","sql":"INSERT INTO `labels` (`id`,`created_at`,`updated_at`) VALUES (DEFAULT,'2019-03-25 01:48:52','2019-03-25 01:48:52');"}
sql: "INSERT INTO `labels` (`id`,`created_at`,`updated_at`) VALUES (DEFAULT,'2019-03-25 01:48:52','2019-03-25 01:48:52');"
pid: 11609
hostname: tubulangdeMacBook-Pro.local

2019-03-25 20:54:12,152 ERROR 11428 nodejs.ClusterClientNoResponseError: client no response in 1359343ms exceeding maxIdleTime 60000ms, maybe the connection is close on other side.
    at Timeout.Leader._heartbeatTimer.setInterval [as _onTimeout] (/Users/tubulang/myPratice/egg/egg-example/node_modules/cluster-client/lib/leader.js:77:23)
    at ontimeout (timers.js:436:11)
    at tryOnTimeout (timers.js:300:5)
    at listOnTimeout (timers.js:263:5)
    at Timer.processTimers (timers.js:223:10)
name: "ClusterClientNoResponseError"
pid: 11428
hostname: tubulangdeMacBook-Pro.local

2019-03-25 22:41:43,036 ERROR 20535 [-/::1/-/44ms POST /degree] nodejs.SequelizeDatabaseError: Field 'number' doesn't have a default value
    at Query.formatError (/Users/tubulang/myPratice/egg/egg-example/node_modules/sequelize/lib/dialects/mysql/query.js:247:16)
    at Query.handler [as onResult] (/Users/tubulang/myPratice/egg/egg-example/node_modules/sequelize/lib/dialects/mysql/query.js:68:23)
    at Query.execute (/Users/tubulang/myPratice/egg/egg-example/node_modules/mysql2/lib/commands/command.js:30:14)
    at Connection.handlePacket (/Users/tubulang/myPratice/egg/egg-example/node_modules/mysql2/lib/connection.js:449:32)
    at PacketParser.Connection.packetParser.p [as onPacket] (/Users/tubulang/myPratice/egg/egg-example/node_modules/mysql2/lib/connection.js:72:12)
    at PacketParser.executeStart (/Users/tubulang/myPratice/egg/egg-example/node_modules/mysql2/lib/packet_parser.js:75:16)
    at Socket.Connection.stream.on.data (/Users/tubulang/myPratice/egg/egg-example/node_modules/mysql2/lib/connection.js:79:25)
    at Socket.emit (events.js:182:13)
    at addChunk (_stream_readable.js:283:12)
    at readableAddChunk (_stream_readable.js:264:11)
    at Socket.Readable.push (_stream_readable.js:219:10)
    at TCP.onStreamRead [as onread] (internal/stream_base_commons.js:94:17)
From previous event:
    at Query.run (/Users/tubulang/myPratice/egg/egg-example/node_modules/sequelize/lib/dialects/mysql/query.js:57:12)
    at Promise.try.then.connection (/Users/tubulang/myPratice/egg/egg-example/node_modules/sequelize/lib/sequelize.js:558:20)
From previous event:
    at Promise.resolve.retryParameters (/Users/tubulang/myPratice/egg/egg-example/node_modules/sequelize/lib/sequelize.js:555:8)
    at /Users/tubulang/myPratice/egg/egg-example/node_modules/retry-as-promised/index.js:39:21
    at retryAsPromised (/Users/tubulang/myPratice/egg/egg-example/node_modules/retry-as-promised/index.js:29:10)
    at Sequelize.query (/Users/tubulang/myPratice/egg/egg-example/node_modules/sequelize/lib/sequelize.js:454:28)
    at QueryInterface.insert (/Users/tubulang/myPratice/egg/egg-example/node_modules/sequelize/lib/query-interface.js:901:27)
    at Promise.try.then.then.then (/Users/tubulang/myPratice/egg/egg-example/node_modules/sequelize/lib/model.js:3685:53)
    at runCallback (timers.js:705:18)
    at tryOnImmediate (timers.js:676:5)
    at processImmediate (timers.js:658:5)
From previous event:
    at model.save (/Users/tubulang/myPratice/egg/egg-example/node_modules/sequelize/lib/model.js:3661:8)
    at Function.create (/Users/tubulang/myPratice/egg/egg-example/node_modules/sequelize/lib/model.js:2023:8)
    at DegreeController.create (/Users/tubulang/myPratice/egg/egg-example/app/controller/degree.js:25:43)
    at Object.callFn (/Users/tubulang/myPratice/egg/egg-example/node_modules/egg-core/lib/utils/index.js:44:21)
    at Object.classControllerMiddleware (/Users/tubulang/myPratice/egg/egg-example/node_modules/egg-core/lib/loader/mixin/controller.js:87:20)
    at Object.callFn (/Users/tubulang/myPratice/egg/egg-example/node_modules/@eggjs/router/lib/utils.js:12:21)
    at wrappedController (/Users/tubulang/myPratice/egg/egg-example/node_modules/@eggjs/router/lib/egg_router.js:322:18)
    at dispatch (/Users/tubulang/myPratice/egg/egg-example/node_modules/koa-compose/index.js:44:32)
    at next (/Users/tubulang/myPratice/egg/egg-example/node_modules/koa-compose/index.js:45:18)
    at /Users/tubulang/myPratice/egg/egg-example/node_modules/@eggjs/router/lib/router.js:190:18
    at dispatch (/Users/tubulang/myPratice/egg/egg-example/node_modules/koa-compose/index.js:44:32)
    at /Users/tubulang/myPratice/egg/egg-example/node_modules/koa-compose/index.js:36:12
    at dispatch (/Users/tubulang/myPratice/egg/egg-example/node_modules/@eggjs/router/lib/router.js:195:33)
    at dispatch (/Users/tubulang/myPratice/egg/egg-example/node_modules/koa/node_modules/koa-compose/index.js:42:32)
    at /Users/tubulang/myPratice/egg/egg-example/node_modules/egg-development/app/middleware/egg_loader_trace.js:9:56
    at dispatch (/Users/tubulang/myPratice/egg/egg-example/node_modules/koa/node_modules/koa-compose/index.js:42:32)
    at i18n (/Users/tubulang/myPratice/egg/egg-example/node_modules/egg-i18n/app/middleware/i18n.js:13:12)
    at dispatch (/Users/tubulang/myPratice/egg/egg-example/node_modules/koa/node_modules/koa-compose/index.js:42:32)
    at dispatch (/Users/tubulang/myPratice/egg/egg-example/node_modules/egg-security/node_modules/koa-compose/index.js:42:32)
    at dta (/Users/tubulang/myPratice/egg/egg-example/node_modules/egg-security/lib/middlewares/dta.js:12:12)
    at dispatch (/Users/tubulang/myPratice/egg/egg-example/node_modules/egg-security/node_modules/koa-compose/index.js:42:32)
    at xframe (/Users/tubulang/myPratice/egg/egg-example/node_modules/egg-security/lib/middlewares/xframe.js:7:11)
    at dispatch (/Users/tubulang/myPratice/egg/egg-example/node_modules/egg-security/node_modules/koa-compose/index.js:42:32)
    at xssProtection (/Users/tubulang/myPratice/egg/egg-example/node_modules/egg-security/lib/middlewares/xssProtection.js:7:11)
    at dispatch (/Users/tubulang/myPratice/egg/egg-example/node_modules/egg-security/node_modules/koa-compose/index.js:42:32)
name: "SequelizeDatabaseError"
parent: {"code":"ER_NO_DEFAULT_FOR_FIELD","errno":1364,"sqlState":"HY000","sqlMessage":"Field 'number' doesn't have a default value","sql":"INSERT INTO `degrees` (`id`,`creator`,`created_at`,`updated_at`) VALUES (DEFAULT,'1','2019-03-25 14:41:43','2019-03-25 14:41:43');"}
original: {"code":"ER_NO_DEFAULT_FOR_FIELD","errno":1364,"sqlState":"HY000","sqlMessage":"Field 'number' doesn't have a default value","sql":"INSERT INTO `degrees` (`id`,`creator`,`created_at`,`updated_at`) VALUES (DEFAULT,'1','2019-03-25 14:41:43','2019-03-25 14:41:43');"}
sql: "INSERT INTO `degrees` (`id`,`creator`,`created_at`,`updated_at`) VALUES (DEFAULT,'1','2019-03-25 14:41:43','2019-03-25 14:41:43');"
pid: 20535
hostname: tubulangdeMacBook-Pro.local

2019-03-25 22:42:33,677 ERROR 20539 [-/::1/-/38ms POST /degree] nodejs.SequelizeDatabaseError: Field 'number' doesn't have a default value
    at Query.formatError (/Users/tubulang/myPratice/egg/egg-example/node_modules/sequelize/lib/dialects/mysql/query.js:247:16)
    at Query.handler [as onResult] (/Users/tubulang/myPratice/egg/egg-example/node_modules/sequelize/lib/dialects/mysql/query.js:68:23)
    at Query.execute (/Users/tubulang/myPratice/egg/egg-example/node_modules/mysql2/lib/commands/command.js:30:14)
    at Connection.handlePacket (/Users/tubulang/myPratice/egg/egg-example/node_modules/mysql2/lib/connection.js:449:32)
    at PacketParser.Connection.packetParser.p [as onPacket] (/Users/tubulang/myPratice/egg/egg-example/node_modules/mysql2/lib/connection.js:72:12)
    at PacketParser.executeStart (/Users/tubulang/myPratice/egg/egg-example/node_modules/mysql2/lib/packet_parser.js:75:16)
    at Socket.Connection.stream.on.data (/Users/tubulang/myPratice/egg/egg-example/node_modules/mysql2/lib/connection.js:79:25)
    at Socket.emit (events.js:182:13)
    at addChunk (_stream_readable.js:283:12)
    at readableAddChunk (_stream_readable.js:264:11)
    at Socket.Readable.push (_stream_readable.js:219:10)
    at TCP.onStreamRead [as onread] (internal/stream_base_commons.js:94:17)
From previous event:
    at Query.run (/Users/tubulang/myPratice/egg/egg-example/node_modules/sequelize/lib/dialects/mysql/query.js:57:12)
    at Promise.try.then.connection (/Users/tubulang/myPratice/egg/egg-example/node_modules/sequelize/lib/sequelize.js:558:20)
From previous event:
    at Promise.resolve.retryParameters (/Users/tubulang/myPratice/egg/egg-example/node_modules/sequelize/lib/sequelize.js:555:8)
    at /Users/tubulang/myPratice/egg/egg-example/node_modules/retry-as-promised/index.js:39:21
    at retryAsPromised (/Users/tubulang/myPratice/egg/egg-example/node_modules/retry-as-promised/index.js:29:10)
    at Sequelize.query (/Users/tubulang/myPratice/egg/egg-example/node_modules/sequelize/lib/sequelize.js:454:28)
    at QueryInterface.insert (/Users/tubulang/myPratice/egg/egg-example/node_modules/sequelize/lib/query-interface.js:901:27)
    at Promise.try.then.then.then (/Users/tubulang/myPratice/egg/egg-example/node_modules/sequelize/lib/model.js:3685:53)
    at runCallback (timers.js:705:18)
    at tryOnImmediate (timers.js:676:5)
    at processImmediate (timers.js:658:5)
From previous event:
    at model.save (/Users/tubulang/myPratice/egg/egg-example/node_modules/sequelize/lib/model.js:3661:8)
    at Function.create (/Users/tubulang/myPratice/egg/egg-example/node_modules/sequelize/lib/model.js:2023:8)
    at DegreeController.create (/Users/tubulang/myPratice/egg/egg-example/app/controller/degree.js:25:43)
    at Object.callFn (/Users/tubulang/myPratice/egg/egg-example/node_modules/egg-core/lib/utils/index.js:44:21)
    at Object.classControllerMiddleware (/Users/tubulang/myPratice/egg/egg-example/node_modules/egg-core/lib/loader/mixin/controller.js:87:20)
    at Object.callFn (/Users/tubulang/myPratice/egg/egg-example/node_modules/@eggjs/router/lib/utils.js:12:21)
    at wrappedController (/Users/tubulang/myPratice/egg/egg-example/node_modules/@eggjs/router/lib/egg_router.js:322:18)
    at dispatch (/Users/tubulang/myPratice/egg/egg-example/node_modules/koa-compose/index.js:44:32)
    at next (/Users/tubulang/myPratice/egg/egg-example/node_modules/koa-compose/index.js:45:18)
    at /Users/tubulang/myPratice/egg/egg-example/node_modules/@eggjs/router/lib/router.js:190:18
    at dispatch (/Users/tubulang/myPratice/egg/egg-example/node_modules/koa-compose/index.js:44:32)
    at /Users/tubulang/myPratice/egg/egg-example/node_modules/koa-compose/index.js:36:12
    at dispatch (/Users/tubulang/myPratice/egg/egg-example/node_modules/@eggjs/router/lib/router.js:195:33)
    at dispatch (/Users/tubulang/myPratice/egg/egg-example/node_modules/koa/node_modules/koa-compose/index.js:42:32)
    at /Users/tubulang/myPratice/egg/egg-example/node_modules/egg-development/app/middleware/egg_loader_trace.js:9:56
    at dispatch (/Users/tubulang/myPratice/egg/egg-example/node_modules/koa/node_modules/koa-compose/index.js:42:32)
    at i18n (/Users/tubulang/myPratice/egg/egg-example/node_modules/egg-i18n/app/middleware/i18n.js:13:12)
    at dispatch (/Users/tubulang/myPratice/egg/egg-example/node_modules/koa/node_modules/koa-compose/index.js:42:32)
    at dispatch (/Users/tubulang/myPratice/egg/egg-example/node_modules/egg-security/node_modules/koa-compose/index.js:42:32)
    at dta (/Users/tubulang/myPratice/egg/egg-example/node_modules/egg-security/lib/middlewares/dta.js:12:12)
    at dispatch (/Users/tubulang/myPratice/egg/egg-example/node_modules/egg-security/node_modules/koa-compose/index.js:42:32)
    at xframe (/Users/tubulang/myPratice/egg/egg-example/node_modules/egg-security/lib/middlewares/xframe.js:7:11)
    at dispatch (/Users/tubulang/myPratice/egg/egg-example/node_modules/egg-security/node_modules/koa-compose/index.js:42:32)
    at xssProtection (/Users/tubulang/myPratice/egg/egg-example/node_modules/egg-security/lib/middlewares/xssProtection.js:7:11)
    at dispatch (/Users/tubulang/myPratice/egg/egg-example/node_modules/egg-security/node_modules/koa-compose/index.js:42:32)
name: "SequelizeDatabaseError"
parent: {"code":"ER_NO_DEFAULT_FOR_FIELD","errno":1364,"sqlState":"HY000","sqlMessage":"Field 'number' doesn't have a default value","sql":"INSERT INTO `degrees` (`id`,`creator`,`created_at`,`updated_at`) VALUES (DEFAULT,'1','2019-03-25 14:42:33','2019-03-25 14:42:33');"}
original: {"code":"ER_NO_DEFAULT_FOR_FIELD","errno":1364,"sqlState":"HY000","sqlMessage":"Field 'number' doesn't have a default value","sql":"INSERT INTO `degrees` (`id`,`creator`,`created_at`,`updated_at`) VALUES (DEFAULT,'1','2019-03-25 14:42:33','2019-03-25 14:42:33');"}
sql: "INSERT INTO `degrees` (`id`,`creator`,`created_at`,`updated_at`) VALUES (DEFAULT,'1','2019-03-25 14:42:33','2019-03-25 14:42:33');"
pid: 20539
hostname: tubulangdeMacBook-Pro.local

