2019-03-25 08:11:58,487 INFO 2772 [egg-logrotator] app logger reload: got log-reload message
2019-03-25 08:15:17,557 INFO 11289 [egg:logger] init all loggers with options: {"dir":"/Users/tubulang/myPratice/egg/egg-example/logs/eggExample","encoding":"utf8","env":"local","level":"INFO","consoleLevel":"INFO","disableConsoleAfterReady":false,"outputJSON":false,"buffer":true,"appLogName":"eggExample-web.log","coreLogName":"egg-web.log","agentLogName":"egg-agent.log","errorLogName":"common-error.log","coreLogger":{"consoleLevel":"WARN"},"allowDebugAtProd":false,"type":"application"}
2019-03-25 08:15:17,593 INFO 11289 [egg-multipart] stream mode enable
2019-03-25 08:15:17,971 INFO 11289 [egg-static] starting static serve /public/ -> /Users/tubulang/myPratice/egg/egg-example/app/public
2019-03-25 08:15:17,974 INFO 11289 [egg-security] use methodnoallow middleware
2019-03-25 08:15:17,974 INFO 11289 [egg-security] use noopen middleware
2019-03-25 08:15:17,975 INFO 11289 [egg-security] use nosniff middleware
2019-03-25 08:15:17,976 INFO 11289 [egg-security] use xssProtection middleware
2019-03-25 08:15:17,976 INFO 11289 [egg-security] use xframe middleware
2019-03-25 08:15:17,977 INFO 11289 [egg-security] use dta middleware
2019-03-25 08:15:17,977 INFO 11289 [egg-security] compose 6 middlewares into one security middleware
2019-03-25 08:15:17,990 INFO 11289 [egg:core] dump config after load, 7ms
2019-03-25 08:15:18,026 INFO 11289 [egg-watcher:application] watcher start success
2019-03-25 08:15:18,050 INFO 11289 [egg:core] dump config after ready, 3ms
2019-03-25 08:19:38,785 INFO 11295 [egg:logger] init all loggers with options: {"dir":"/Users/tubulang/myPratice/egg/egg-example/logs/eggExample","encoding":"utf8","env":"local","level":"INFO","consoleLevel":"INFO","disableConsoleAfterReady":false,"outputJSON":false,"buffer":true,"appLogName":"eggExample-web.log","coreLogName":"egg-web.log","agentLogName":"egg-agent.log","errorLogName":"common-error.log","coreLogger":{"consoleLevel":"WARN"},"allowDebugAtProd":false,"type":"application"}
2019-03-25 08:19:38,822 INFO 11295 [egg-multipart] stream mode enable
2019-03-25 08:19:39,247 INFO 11295 [egg-static] starting static serve /public/ -> /Users/tubulang/myPratice/egg/egg-example/app/public
2019-03-25 08:19:39,249 INFO 11295 [egg-security] use methodnoallow middleware
2019-03-25 08:19:39,250 INFO 11295 [egg-security] use noopen middleware
2019-03-25 08:19:39,251 INFO 11295 [egg-security] use nosniff middleware
2019-03-25 08:19:39,252 INFO 11295 [egg-security] use xssProtection middleware
2019-03-25 08:19:39,252 INFO 11295 [egg-security] use xframe middleware
2019-03-25 08:19:39,253 INFO 11295 [egg-security] use dta middleware
2019-03-25 08:19:39,253 INFO 11295 [egg-security] compose 6 middlewares into one security middleware
2019-03-25 08:19:39,267 INFO 11295 [egg:core] dump config after load, 6ms
2019-03-25 08:19:39,296 INFO 11295 [egg-watcher:application] watcher start success
2019-03-25 08:19:39,338 INFO 11295 [egg:core] dump config after ready, 4ms
2019-03-25 08:19:40,138 INFO 11296 [egg:logger] init all loggers with options: {"dir":"/Users/tubulang/myPratice/egg/egg-example/logs/eggExample","encoding":"utf8","env":"local","level":"INFO","consoleLevel":"INFO","disableConsoleAfterReady":false,"outputJSON":false,"buffer":true,"appLogName":"eggExample-web.log","coreLogName":"egg-web.log","agentLogName":"egg-agent.log","errorLogName":"common-error.log","coreLogger":{"consoleLevel":"WARN"},"allowDebugAtProd":false,"type":"application"}
2019-03-25 08:19:40,170 INFO 11296 [egg-multipart] stream mode enable
2019-03-25 08:19:40,398 INFO 11296 [egg-static] starting static serve /public/ -> /Users/tubulang/myPratice/egg/egg-example/app/public
2019-03-25 08:19:40,400 INFO 11296 [egg-security] use methodnoallow middleware
2019-03-25 08:19:40,400 INFO 11296 [egg-security] use noopen middleware
2019-03-25 08:19:40,401 INFO 11296 [egg-security] use nosniff middleware
2019-03-25 08:19:40,401 INFO 11296 [egg-security] use xssProtection middleware
2019-03-25 08:19:40,402 INFO 11296 [egg-security] use xframe middleware
2019-03-25 08:19:40,402 INFO 11296 [egg-security] use dta middleware
2019-03-25 08:19:40,402 INFO 11296 [egg-security] compose 6 middlewares into one security middleware
2019-03-25 08:19:40,413 INFO 11296 [egg:core] dump config after load, 6ms
2019-03-25 08:19:40,450 INFO 11296 [egg-watcher:application] watcher start success
2019-03-25 08:19:40,477 INFO 11296 [egg:core] dump config after ready, 3ms
2019-03-25 08:45:17,628 INFO 11429 [egg:logger] init all loggers with options: {"dir":"/Users/tubulang/myPratice/egg/egg-example/logs/eggExample","encoding":"utf8","env":"local","level":"INFO","consoleLevel":"INFO","disableConsoleAfterReady":false,"outputJSON":false,"buffer":true,"appLogName":"eggExample-web.log","coreLogName":"egg-web.log","agentLogName":"egg-agent.log","errorLogName":"common-error.log","coreLogger":{"consoleLevel":"WARN"},"allowDebugAtProd":false,"type":"application"}
2019-03-25 08:45:17,663 INFO 11429 [egg-multipart] stream mode enable
2019-03-25 08:45:17,926 INFO 11429 [egg-static] starting static serve /public/ -> /Users/tubulang/myPratice/egg/egg-example/app/public
2019-03-25 08:45:17,928 INFO 11429 [egg-security] use methodnoallow middleware
2019-03-25 08:45:17,928 INFO 11429 [egg-security] use noopen middleware
2019-03-25 08:45:17,929 INFO 11429 [egg-security] use nosniff middleware
2019-03-25 08:45:17,930 INFO 11429 [egg-security] use xssProtection middleware
2019-03-25 08:45:17,930 INFO 11429 [egg-security] use xframe middleware
2019-03-25 08:45:17,931 INFO 11429 [egg-security] use dta middleware
2019-03-25 08:45:17,931 INFO 11429 [egg-security] compose 6 middlewares into one security middleware
2019-03-25 08:45:17,942 INFO 11429 [egg:core] dump config after load, 5ms
2019-03-25 08:45:17,970 INFO 11429 [egg-watcher:application] watcher start success
2019-03-25 08:45:17,993 INFO 11429 [egg:core] dump config after ready, 4ms
2019-03-25 08:53:16,394 INFO 11482 [egg:logger] init all loggers with options: {"dir":"/Users/tubulang/myPratice/egg/egg-example/logs/eggExample","encoding":"utf8","env":"local","level":"INFO","consoleLevel":"INFO","disableConsoleAfterReady":false,"outputJSON":false,"buffer":true,"appLogName":"eggExample-web.log","coreLogName":"egg-web.log","agentLogName":"egg-agent.log","errorLogName":"common-error.log","coreLogger":{"consoleLevel":"WARN"},"allowDebugAtProd":false,"type":"application"}
2019-03-25 08:53:16,433 INFO 11482 [egg-multipart] stream mode enable
2019-03-25 08:53:16,837 INFO 11482 [egg-static] starting static serve /public/ -> /Users/tubulang/myPratice/egg/egg-example/app/public
2019-03-25 08:53:16,840 INFO 11482 [egg-security] use methodnoallow middleware
2019-03-25 08:53:16,841 INFO 11482 [egg-security] use noopen middleware
2019-03-25 08:53:16,843 INFO 11482 [egg-security] use nosniff middleware
2019-03-25 08:53:16,844 INFO 11482 [egg-security] use xssProtection middleware
2019-03-25 08:53:16,845 INFO 11482 [egg-security] use xframe middleware
2019-03-25 08:53:16,846 INFO 11482 [egg-security] use dta middleware
2019-03-25 08:53:16,846 INFO 11482 [egg-security] compose 6 middlewares into one security middleware
2019-03-25 08:53:16,859 INFO 11482 [egg:core] dump config after load, 5ms
2019-03-25 08:53:16,899 INFO 11482 [egg-watcher:application] watcher start success
2019-03-25 08:53:16,926 INFO 11482 [egg:core] dump config after ready, 3ms
2019-03-25 08:53:51,973 INFO 11488 [egg:logger] init all loggers with options: {"dir":"/Users/tubulang/myPratice/egg/egg-example/logs/eggExample","encoding":"utf8","env":"local","level":"INFO","consoleLevel":"INFO","disableConsoleAfterReady":false,"outputJSON":false,"buffer":true,"appLogName":"eggExample-web.log","coreLogName":"egg-web.log","agentLogName":"egg-agent.log","errorLogName":"common-error.log","coreLogger":{"consoleLevel":"WARN"},"allowDebugAtProd":false,"type":"application"}
2019-03-25 08:53:52,005 INFO 11488 [egg-multipart] stream mode enable
2019-03-25 08:53:52,342 INFO 11488 [egg-static] starting static serve /public/ -> /Users/tubulang/myPratice/egg/egg-example/app/public
2019-03-25 08:53:52,344 INFO 11488 [egg-security] use methodnoallow middleware
2019-03-25 08:53:52,345 INFO 11488 [egg-security] use noopen middleware
2019-03-25 08:53:52,345 INFO 11488 [egg-security] use nosniff middleware
2019-03-25 08:53:52,346 INFO 11488 [egg-security] use xssProtection middleware
2019-03-25 08:53:52,346 INFO 11488 [egg-security] use xframe middleware
2019-03-25 08:53:52,347 INFO 11488 [egg-security] use dta middleware
2019-03-25 08:53:52,347 INFO 11488 [egg-security] compose 6 middlewares into one security middleware
2019-03-25 08:53:52,360 INFO 11488 [egg:core] dump config after load, 6ms
2019-03-25 08:53:52,397 INFO 11488 [egg-watcher:application] watcher start success
2019-03-25 08:53:52,422 INFO 11488 [egg:core] dump config after ready, 3ms
2019-03-25 08:54:19,293 INFO 11489 [egg:logger] init all loggers with options: {"dir":"/Users/tubulang/myPratice/egg/egg-example/logs/eggExample","encoding":"utf8","env":"local","level":"INFO","consoleLevel":"INFO","disableConsoleAfterReady":false,"outputJSON":false,"buffer":true,"appLogName":"eggExample-web.log","coreLogName":"egg-web.log","agentLogName":"egg-agent.log","errorLogName":"common-error.log","coreLogger":{"consoleLevel":"WARN"},"allowDebugAtProd":false,"type":"application"}
2019-03-25 08:54:19,330 INFO 11489 [egg-multipart] stream mode enable
2019-03-25 08:54:19,598 INFO 11489 [egg-static] starting static serve /public/ -> /Users/tubulang/myPratice/egg/egg-example/app/public
2019-03-25 08:54:19,600 INFO 11489 [egg-security] use methodnoallow middleware
2019-03-25 08:54:19,600 INFO 11489 [egg-security] use noopen middleware
2019-03-25 08:54:19,601 INFO 11489 [egg-security] use nosniff middleware
2019-03-25 08:54:19,601 INFO 11489 [egg-security] use xssProtection middleware
2019-03-25 08:54:19,601 INFO 11489 [egg-security] use xframe middleware
2019-03-25 08:54:19,602 INFO 11489 [egg-security] use dta middleware
2019-03-25 08:54:19,602 INFO 11489 [egg-security] compose 6 middlewares into one security middleware
2019-03-25 08:54:19,612 INFO 11489 [egg:core] dump config after load, 5ms
2019-03-25 08:54:19,646 INFO 11489 [egg-watcher:application] watcher start success
2019-03-25 08:54:19,671 INFO 11489 [egg:core] dump config after ready, 3ms
2019-03-25 08:55:05,121 INFO 11492 [egg:logger] init all loggers with options: {"dir":"/Users/tubulang/myPratice/egg/egg-example/logs/eggExample","encoding":"utf8","env":"local","level":"INFO","consoleLevel":"INFO","disableConsoleAfterReady":false,"outputJSON":false,"buffer":true,"appLogName":"eggExample-web.log","coreLogName":"egg-web.log","agentLogName":"egg-agent.log","errorLogName":"common-error.log","coreLogger":{"consoleLevel":"WARN"},"allowDebugAtProd":false,"type":"application"}
2019-03-25 08:55:05,150 INFO 11492 [egg-multipart] stream mode enable
2019-03-25 08:55:05,359 INFO 11492 [egg-static] starting static serve /public/ -> /Users/tubulang/myPratice/egg/egg-example/app/public
2019-03-25 08:55:05,361 INFO 11492 [egg-security] use methodnoallow middleware
2019-03-25 08:55:05,361 INFO 11492 [egg-security] use noopen middleware
2019-03-25 08:55:05,362 INFO 11492 [egg-security] use nosniff middleware
2019-03-25 08:55:05,362 INFO 11492 [egg-security] use xssProtection middleware
2019-03-25 08:55:05,362 INFO 11492 [egg-security] use xframe middleware
2019-03-25 08:55:05,362 INFO 11492 [egg-security] use dta middleware
2019-03-25 08:55:05,362 INFO 11492 [egg-security] compose 6 middlewares into one security middleware
2019-03-25 08:55:05,372 INFO 11492 [egg:core] dump config after load, 5ms
2019-03-25 08:55:05,403 INFO 11492 [egg-watcher:application] watcher start success
2019-03-25 08:55:05,426 INFO 11492 [egg:core] dump config after ready, 3ms
2019-03-25 09:45:44,210 INFO 11574 [egg:logger] init all loggers with options: {"dir":"/Users/tubulang/myPratice/egg/egg-example/logs/eggExample","encoding":"utf8","env":"local","level":"INFO","consoleLevel":"INFO","disableConsoleAfterReady":false,"outputJSON":false,"buffer":true,"appLogName":"eggExample-web.log","coreLogName":"egg-web.log","agentLogName":"egg-agent.log","errorLogName":"common-error.log","coreLogger":{"consoleLevel":"WARN"},"allowDebugAtProd":false,"type":"application"}
2019-03-25 09:45:44,245 INFO 11574 [egg-multipart] stream mode enable
2019-03-25 09:45:44,681 INFO 11574 [egg-static] starting static serve /public/ -> /Users/tubulang/myPratice/egg/egg-example/app/public
2019-03-25 09:45:44,683 INFO 11574 [egg-security] use methodnoallow middleware
2019-03-25 09:45:44,684 INFO 11574 [egg-security] use noopen middleware
2019-03-25 09:45:44,685 INFO 11574 [egg-security] use nosniff middleware
2019-03-25 09:45:44,685 INFO 11574 [egg-security] use xssProtection middleware
2019-03-25 09:45:44,686 INFO 11574 [egg-security] use xframe middleware
2019-03-25 09:45:44,686 INFO 11574 [egg-security] use dta middleware
2019-03-25 09:45:44,687 INFO 11574 [egg-security] compose 6 middlewares into one security middleware
2019-03-25 09:45:44,699 INFO 11574 [egg:core] dump config after load, 6ms
2019-03-25 09:45:44,739 INFO 11574 [egg-watcher:application] watcher start success
2019-03-25 09:45:44,767 INFO 11574 [egg:core] dump config after ready, 5ms
2019-03-25 09:45:45,541 INFO 11575 [egg:logger] init all loggers with options: {"dir":"/Users/tubulang/myPratice/egg/egg-example/logs/eggExample","encoding":"utf8","env":"local","level":"INFO","consoleLevel":"INFO","disableConsoleAfterReady":false,"outputJSON":false,"buffer":true,"appLogName":"eggExample-web.log","coreLogName":"egg-web.log","agentLogName":"egg-agent.log","errorLogName":"common-error.log","coreLogger":{"consoleLevel":"WARN"},"allowDebugAtProd":false,"type":"application"}
2019-03-25 09:45:45,571 INFO 11575 [egg-multipart] stream mode enable
2019-03-25 09:45:45,792 INFO 11575 [egg-static] starting static serve /public/ -> /Users/tubulang/myPratice/egg/egg-example/app/public
2019-03-25 09:45:45,794 INFO 11575 [egg-security] use methodnoallow middleware
2019-03-25 09:45:45,794 INFO 11575 [egg-security] use noopen middleware
2019-03-25 09:45:45,795 INFO 11575 [egg-security] use nosniff middleware
2019-03-25 09:45:45,795 INFO 11575 [egg-security] use xssProtection middleware
2019-03-25 09:45:45,795 INFO 11575 [egg-security] use xframe middleware
2019-03-25 09:45:45,795 INFO 11575 [egg-security] use dta middleware
2019-03-25 09:45:45,795 INFO 11575 [egg-security] compose 6 middlewares into one security middleware
2019-03-25 09:45:45,806 INFO 11575 [egg:core] dump config after load, 5ms
2019-03-25 09:45:45,831 INFO 11575 [egg-watcher:application] watcher start success
2019-03-25 09:45:45,651 INFO 11576 [egg:logger] init all loggers with options: {"dir":"/Users/tubulang/myPratice/egg/egg-example/logs/eggExample","encoding":"utf8","env":"local","level":"INFO","consoleLevel":"INFO","disableConsoleAfterReady":false,"outputJSON":false,"buffer":true,"appLogName":"eggExample-web.log","coreLogName":"egg-web.log","agentLogName":"egg-agent.log","errorLogName":"common-error.log","coreLogger":{"consoleLevel":"WARN"},"allowDebugAtProd":false,"type":"application"}
2019-03-25 09:45:45,681 INFO 11576 [egg-multipart] stream mode enable
2019-03-25 09:45:45,920 INFO 11576 [egg-static] starting static serve /public/ -> /Users/tubulang/myPratice/egg/egg-example/app/public
2019-03-25 09:45:45,921 INFO 11576 [egg-security] use methodnoallow middleware
2019-03-25 09:45:45,922 INFO 11576 [egg-security] use noopen middleware
2019-03-25 09:45:45,922 INFO 11576 [egg-security] use nosniff middleware
2019-03-25 09:45:45,922 INFO 11576 [egg-security] use xssProtection middleware
2019-03-25 09:45:45,923 INFO 11576 [egg-security] use xframe middleware
2019-03-25 09:45:45,923 INFO 11576 [egg-security] use dta middleware
2019-03-25 09:45:45,923 INFO 11576 [egg-security] compose 6 middlewares into one security middleware
2019-03-25 09:45:45,933 INFO 11576 [egg:core] dump config after load, 5ms
2019-03-25 09:45:45,964 INFO 11576 [egg-watcher:application] watcher start success
2019-03-25 09:45:45,987 INFO 11576 [egg:core] dump config after ready, 3ms
2019-03-25 09:45:51,556 INFO 11579 [egg:logger] init all loggers with options: {"dir":"/Users/tubulang/myPratice/egg/egg-example/logs/eggExample","encoding":"utf8","env":"local","level":"INFO","consoleLevel":"INFO","disableConsoleAfterReady":false,"outputJSON":false,"buffer":true,"appLogName":"eggExample-web.log","coreLogName":"egg-web.log","agentLogName":"egg-agent.log","errorLogName":"common-error.log","coreLogger":{"consoleLevel":"WARN"},"allowDebugAtProd":false,"type":"application"}
2019-03-25 09:45:51,591 INFO 11579 [egg-multipart] stream mode enable
2019-03-25 09:45:51,830 INFO 11579 [egg-static] starting static serve /public/ -> /Users/tubulang/myPratice/egg/egg-example/app/public
2019-03-25 09:45:51,832 INFO 11579 [egg-security] use methodnoallow middleware
2019-03-25 09:45:51,832 INFO 11579 [egg-security] use noopen middleware
2019-03-25 09:45:51,832 INFO 11579 [egg-security] use nosniff middleware
2019-03-25 09:45:51,833 INFO 11579 [egg-security] use xssProtection middleware
2019-03-25 09:45:51,833 INFO 11579 [egg-security] use xframe middleware
2019-03-25 09:45:51,833 INFO 11579 [egg-security] use dta middleware
2019-03-25 09:45:51,833 INFO 11579 [egg-security] compose 6 middlewares into one security middleware
2019-03-25 09:45:51,844 INFO 11579 [egg:core] dump config after load, 5ms
2019-03-25 09:45:51,875 INFO 11579 [egg-watcher:application] watcher start success
2019-03-25 09:45:51,899 INFO 11579 [egg:core] dump config after ready, 3ms
2019-03-25 09:46:53,209 INFO 11599 [egg:logger] init all loggers with options: {"dir":"/Users/tubulang/myPratice/egg/egg-example/logs/eggExample","encoding":"utf8","env":"local","level":"INFO","consoleLevel":"INFO","disableConsoleAfterReady":false,"outputJSON":false,"buffer":true,"appLogName":"eggExample-web.log","coreLogName":"egg-web.log","agentLogName":"egg-agent.log","errorLogName":"common-error.log","coreLogger":{"consoleLevel":"WARN"},"allowDebugAtProd":false,"type":"application"}
2019-03-25 09:46:53,239 INFO 11599 [egg-multipart] stream mode enable
2019-03-25 09:46:53,465 INFO 11599 [egg-static] starting static serve /public/ -> /Users/tubulang/myPratice/egg/egg-example/app/public
2019-03-25 09:46:53,467 INFO 11599 [egg-security] use methodnoallow middleware
2019-03-25 09:46:53,467 INFO 11599 [egg-security] use noopen middleware
2019-03-25 09:46:53,467 INFO 11599 [egg-security] use nosniff middleware
2019-03-25 09:46:53,468 INFO 11599 [egg-security] use xssProtection middleware
2019-03-25 09:46:53,468 INFO 11599 [egg-security] use xframe middleware
2019-03-25 09:46:53,468 INFO 11599 [egg-security] use dta middleware
2019-03-25 09:46:53,468 INFO 11599 [egg-security] compose 6 middlewares into one security middleware
2019-03-25 09:46:53,479 INFO 11599 [egg:core] dump config after load, 5ms
2019-03-25 09:46:53,513 INFO 11599 [egg-watcher:application] watcher start success
2019-03-25 09:46:53,537 INFO 11599 [egg:core] dump config after ready, 3ms
2019-03-25 09:46:55,545 INFO 11602 [egg:logger] init all loggers with options: {"dir":"/Users/tubulang/myPratice/egg/egg-example/logs/eggExample","encoding":"utf8","env":"local","level":"INFO","consoleLevel":"INFO","disableConsoleAfterReady":false,"outputJSON":false,"buffer":true,"appLogName":"eggExample-web.log","coreLogName":"egg-web.log","agentLogName":"egg-agent.log","errorLogName":"common-error.log","coreLogger":{"consoleLevel":"WARN"},"allowDebugAtProd":false,"type":"application"}
2019-03-25 09:46:55,580 INFO 11602 [egg-multipart] stream mode enable
2019-03-25 09:46:55,829 INFO 11602 [egg-static] starting static serve /public/ -> /Users/tubulang/myPratice/egg/egg-example/app/public
2019-03-25 09:46:55,831 INFO 11602 [egg-security] use methodnoallow middleware
2019-03-25 09:46:55,832 INFO 11602 [egg-security] use noopen middleware
2019-03-25 09:46:55,832 INFO 11602 [egg-security] use nosniff middleware
2019-03-25 09:46:55,833 INFO 11602 [egg-security] use xssProtection middleware
2019-03-25 09:46:55,833 INFO 11602 [egg-security] use xframe middleware
2019-03-25 09:46:55,833 INFO 11602 [egg-security] use dta middleware
2019-03-25 09:46:55,833 INFO 11602 [egg-security] compose 6 middlewares into one security middleware
2019-03-25 09:46:55,844 INFO 11602 [egg:core] dump config after load, 5ms
2019-03-25 09:46:55,877 INFO 11602 [egg-watcher:application] watcher start success
2019-03-25 09:46:55,903 INFO 11602 [egg:core] dump config after ready, 3ms
2019-03-25 09:46:59,445 INFO 11603 [egg:logger] init all loggers with options: {"dir":"/Users/tubulang/myPratice/egg/egg-example/logs/eggExample","encoding":"utf8","env":"local","level":"INFO","consoleLevel":"INFO","disableConsoleAfterReady":false,"outputJSON":false,"buffer":true,"appLogName":"eggExample-web.log","coreLogName":"egg-web.log","agentLogName":"egg-agent.log","errorLogName":"common-error.log","coreLogger":{"consoleLevel":"WARN"},"allowDebugAtProd":false,"type":"application"}
2019-03-25 09:46:59,480 INFO 11603 [egg-multipart] stream mode enable
2019-03-25 09:46:59,707 INFO 11603 [egg-static] starting static serve /public/ -> /Users/tubulang/myPratice/egg/egg-example/app/public
2019-03-25 09:46:59,708 INFO 11603 [egg-security] use methodnoallow middleware
2019-03-25 09:46:59,709 INFO 11603 [egg-security] use noopen middleware
2019-03-25 09:46:59,709 INFO 11603 [egg-security] use nosniff middleware
2019-03-25 09:46:59,709 INFO 11603 [egg-security] use xssProtection middleware
2019-03-25 09:46:59,710 INFO 11603 [egg-security] use xframe middleware
2019-03-25 09:46:59,710 INFO 11603 [egg-security] use dta middleware
2019-03-25 09:46:59,710 INFO 11603 [egg-security] compose 6 middlewares into one security middleware
2019-03-25 09:46:59,719 INFO 11603 [egg:core] dump config after load, 4ms
2019-03-25 09:46:59,748 INFO 11603 [egg-watcher:application] watcher start success
2019-03-25 09:46:59,773 INFO 11603 [egg:core] dump config after ready, 4ms
2019-03-25 09:47:49,346 INFO 11605 [egg:logger] init all loggers with options: {"dir":"/Users/tubulang/myPratice/egg/egg-example/logs/eggExample","encoding":"utf8","env":"local","level":"INFO","consoleLevel":"INFO","disableConsoleAfterReady":false,"outputJSON":false,"buffer":true,"appLogName":"eggExample-web.log","coreLogName":"egg-web.log","agentLogName":"egg-agent.log","errorLogName":"common-error.log","coreLogger":{"consoleLevel":"WARN"},"allowDebugAtProd":false,"type":"application"}
2019-03-25 09:47:49,381 INFO 11605 [egg-multipart] stream mode enable
2019-03-25 09:47:49,622 INFO 11605 [egg-static] starting static serve /public/ -> /Users/tubulang/myPratice/egg/egg-example/app/public
2019-03-25 09:47:49,624 INFO 11605 [egg-security] use methodnoallow middleware
2019-03-25 09:47:49,624 INFO 11605 [egg-security] use noopen middleware
2019-03-25 09:47:49,625 INFO 11605 [egg-security] use nosniff middleware
2019-03-25 09:47:49,625 INFO 11605 [egg-security] use xssProtection middleware
2019-03-25 09:47:49,625 INFO 11605 [egg-security] use xframe middleware
2019-03-25 09:47:49,625 INFO 11605 [egg-security] use dta middleware
2019-03-25 09:47:49,625 INFO 11605 [egg-security] compose 6 middlewares into one security middleware
2019-03-25 09:47:49,636 INFO 11605 [egg:core] dump config after load, 5ms
2019-03-25 09:47:49,676 INFO 11605 [egg-watcher:application] watcher start success
2019-03-25 09:47:49,702 INFO 11605 [egg:core] dump config after ready, 3ms
2019-03-25 09:48:43,604 INFO 11609 [egg:logger] init all loggers with options: {"dir":"/Users/tubulang/myPratice/egg/egg-example/logs/eggExample","encoding":"utf8","env":"local","level":"INFO","consoleLevel":"INFO","disableConsoleAfterReady":false,"outputJSON":false,"buffer":true,"appLogName":"eggExample-web.log","coreLogName":"egg-web.log","agentLogName":"egg-agent.log","errorLogName":"common-error.log","coreLogger":{"consoleLevel":"WARN"},"allowDebugAtProd":false,"type":"application"}
2019-03-25 09:48:43,637 INFO 11609 [egg-multipart] stream mode enable
2019-03-25 09:48:43,863 INFO 11609 [egg-static] starting static serve /public/ -> /Users/tubulang/myPratice/egg/egg-example/app/public
2019-03-25 09:48:43,865 INFO 11609 [egg-security] use methodnoallow middleware
2019-03-25 09:48:43,865 INFO 11609 [egg-security] use noopen middleware
2019-03-25 09:48:43,866 INFO 11609 [egg-security] use nosniff middleware
2019-03-25 09:48:43,866 INFO 11609 [egg-security] use xssProtection middleware
2019-03-25 09:48:43,866 INFO 11609 [egg-security] use xframe middleware
2019-03-25 09:48:43,866 INFO 11609 [egg-security] use dta middleware
2019-03-25 09:48:43,866 INFO 11609 [egg-security] compose 6 middlewares into one security middleware
2019-03-25 09:48:43,877 INFO 11609 [egg:core] dump config after load, 4ms
2019-03-25 09:48:43,908 INFO 11609 [egg-watcher:application] watcher start success
2019-03-25 09:48:43,931 INFO 11609 [egg:core] dump config after ready, 3ms
2019-03-25 09:51:15,639 INFO 11617 [egg:logger] init all loggers with options: {"dir":"/Users/tubulang/myPratice/egg/egg-example/logs/eggExample","encoding":"utf8","env":"local","level":"INFO","consoleLevel":"INFO","disableConsoleAfterReady":false,"outputJSON":false,"buffer":true,"appLogName":"eggExample-web.log","coreLogName":"egg-web.log","agentLogName":"egg-agent.log","errorLogName":"common-error.log","coreLogger":{"consoleLevel":"WARN"},"allowDebugAtProd":false,"type":"application"}
2019-03-25 09:51:15,675 INFO 11617 [egg-multipart] stream mode enable
2019-03-25 09:51:16,108 INFO 11617 [egg-static] starting static serve /public/ -> /Users/tubulang/myPratice/egg/egg-example/app/public
2019-03-25 09:51:16,111 INFO 11617 [egg-security] use methodnoallow middleware
2019-03-25 09:51:16,112 INFO 11617 [egg-security] use noopen middleware
2019-03-25 09:51:16,113 INFO 11617 [egg-security] use nosniff middleware
2019-03-25 09:51:16,113 INFO 11617 [egg-security] use xssProtection middleware
2019-03-25 09:51:16,114 INFO 11617 [egg-security] use xframe middleware
2019-03-25 09:51:16,115 INFO 11617 [egg-security] use dta middleware
2019-03-25 09:51:16,115 INFO 11617 [egg-security] compose 6 middlewares into one security middleware
2019-03-25 09:51:16,128 INFO 11617 [egg:core] dump config after load, 5ms
2019-03-25 09:51:16,174 INFO 11617 [egg-watcher:application] watcher start success
2019-03-25 09:51:16,196 INFO 11617 [egg:core] dump config after ready, 3ms
2019-03-25 09:51:18,772 INFO 11619 [egg:logger] init all loggers with options: {"dir":"/Users/tubulang/myPratice/egg/egg-example/logs/eggExample","encoding":"utf8","env":"local","level":"INFO","consoleLevel":"INFO","disableConsoleAfterReady":false,"outputJSON":false,"buffer":true,"appLogName":"eggExample-web.log","coreLogName":"egg-web.log","agentLogName":"egg-agent.log","errorLogName":"common-error.log","coreLogger":{"consoleLevel":"WARN"},"allowDebugAtProd":false,"type":"application"}
2019-03-25 09:51:18,801 INFO 11619 [egg-multipart] stream mode enable
2019-03-25 09:51:19,012 INFO 11619 [egg-static] starting static serve /public/ -> /Users/tubulang/myPratice/egg/egg-example/app/public
2019-03-25 09:51:19,014 INFO 11619 [egg-security] use methodnoallow middleware
2019-03-25 09:51:19,014 INFO 11619 [egg-security] use noopen middleware
2019-03-25 09:51:19,015 INFO 11619 [egg-security] use nosniff middleware
2019-03-25 09:51:19,015 INFO 11619 [egg-security] use xssProtection middleware
2019-03-25 09:51:19,015 INFO 11619 [egg-security] use xframe middleware
2019-03-25 09:51:19,015 INFO 11619 [egg-security] use dta middleware
2019-03-25 09:51:19,015 INFO 11619 [egg-security] compose 6 middlewares into one security middleware
2019-03-25 09:51:19,024 INFO 11619 [egg:core] dump config after load, 4ms
2019-03-25 09:51:19,054 INFO 11619 [egg-watcher:application] watcher start success
2019-03-25 09:51:19,077 INFO 11619 [egg:core] dump config after ready, 3ms
2019-03-25 13:06:59,706 INFO 13712 [egg:logger] init all loggers with options: {"dir":"/Users/tubulang/myPratice/egg/egg-example/logs/eggExample","encoding":"utf8","env":"local","level":"INFO","consoleLevel":"INFO","disableConsoleAfterReady":false,"outputJSON":false,"buffer":true,"appLogName":"eggExample-web.log","coreLogName":"egg-web.log","agentLogName":"egg-agent.log","errorLogName":"common-error.log","coreLogger":{"consoleLevel":"WARN"},"allowDebugAtProd":false,"type":"application"}
2019-03-25 13:06:59,745 INFO 13712 [egg-multipart] stream mode enable
2019-03-25 13:07:00,201 INFO 13712 [egg-static] starting static serve /public/ -> /Users/tubulang/myPratice/egg/egg-example/app/public
2019-03-25 13:07:00,203 INFO 13712 [egg-security] use methodnoallow middleware
2019-03-25 13:07:00,204 INFO 13712 [egg-security] use noopen middleware
2019-03-25 13:07:00,205 INFO 13712 [egg-security] use nosniff middleware
2019-03-25 13:07:00,205 INFO 13712 [egg-security] use xssProtection middleware
2019-03-25 13:07:00,206 INFO 13712 [egg-security] use xframe middleware
2019-03-25 13:07:00,207 INFO 13712 [egg-security] use dta middleware
2019-03-25 13:07:00,207 INFO 13712 [egg-security] compose 6 middlewares into one security middleware
2019-03-25 13:07:00,223 INFO 13712 [egg:core] dump config after load, 9ms
2019-03-25 13:07:00,267 INFO 13712 [egg-watcher:application] watcher start success
2019-03-25 13:07:00,297 INFO 13712 [egg:core] dump config after ready, 4ms
2019-03-25 13:08:49,031 INFO 13726 [egg:logger] init all loggers with options: {"dir":"/Users/tubulang/myPratice/egg/egg-example/logs/eggExample","encoding":"utf8","env":"local","level":"INFO","consoleLevel":"INFO","disableConsoleAfterReady":false,"outputJSON":false,"buffer":true,"appLogName":"eggExample-web.log","coreLogName":"egg-web.log","agentLogName":"egg-agent.log","errorLogName":"common-error.log","coreLogger":{"consoleLevel":"WARN"},"allowDebugAtProd":false,"type":"application"}
2019-03-25 13:08:49,065 INFO 13726 [egg-multipart] stream mode enable
2019-03-25 13:08:49,399 INFO 13726 [egg-static] starting static serve /public/ -> /Users/tubulang/myPratice/egg/egg-example/app/public
2019-03-25 13:08:49,401 INFO 13726 [egg-security] use methodnoallow middleware
2019-03-25 13:08:49,402 INFO 13726 [egg-security] use noopen middleware
2019-03-25 13:08:49,402 INFO 13726 [egg-security] use nosniff middleware
2019-03-25 13:08:49,403 INFO 13726 [egg-security] use xssProtection middleware
2019-03-25 13:08:49,403 INFO 13726 [egg-security] use xframe middleware
2019-03-25 13:08:49,404 INFO 13726 [egg-security] use dta middleware
2019-03-25 13:08:49,404 INFO 13726 [egg-security] compose 6 middlewares into one security middleware
2019-03-25 13:08:49,415 INFO 13726 [egg:core] dump config after load, 5ms
2019-03-25 13:08:49,450 INFO 13726 [egg-watcher:application] watcher start success
2019-03-25 13:08:49,473 INFO 13726 [egg:core] dump config after ready, 3ms
2019-03-25 13:10:25,815 INFO 13737 [egg:logger] init all loggers with options: {"dir":"/Users/tubulang/myPratice/egg/egg-example/logs/eggExample","encoding":"utf8","env":"local","level":"INFO","consoleLevel":"INFO","disableConsoleAfterReady":false,"outputJSON":false,"buffer":true,"appLogName":"eggExample-web.log","coreLogName":"egg-web.log","agentLogName":"egg-agent.log","errorLogName":"common-error.log","coreLogger":{"consoleLevel":"WARN"},"allowDebugAtProd":false,"type":"application"}
2019-03-25 13:10:25,858 INFO 13737 [egg-multipart] stream mode enable
2019-03-25 13:10:26,315 INFO 13737 [egg-static] starting static serve /public/ -> /Users/tubulang/myPratice/egg/egg-example/app/public
2019-03-25 13:10:26,318 INFO 13737 [egg-security] use methodnoallow middleware
2019-03-25 13:10:26,318 INFO 13737 [egg-security] use noopen middleware
2019-03-25 13:10:26,319 INFO 13737 [egg-security] use nosniff middleware
2019-03-25 13:10:26,320 INFO 13737 [egg-security] use xssProtection middleware
2019-03-25 13:10:26,321 INFO 13737 [egg-security] use xframe middleware
2019-03-25 13:10:26,321 INFO 13737 [egg-security] use dta middleware
2019-03-25 13:10:26,321 INFO 13737 [egg-security] compose 6 middlewares into one security middleware
2019-03-25 13:10:26,336 INFO 13737 [egg:core] dump config after load, 5ms
2019-03-25 13:10:26,376 INFO 13737 [egg-watcher:application] watcher start success
2019-03-25 13:10:26,402 INFO 13737 [egg:core] dump config after ready, 3ms
2019-03-25 13:10:42,253 INFO 13743 [egg:logger] init all loggers with options: {"dir":"/Users/tubulang/myPratice/egg/egg-example/logs/eggExample","encoding":"utf8","env":"local","level":"INFO","consoleLevel":"INFO","disableConsoleAfterReady":false,"outputJSON":false,"buffer":true,"appLogName":"eggExample-web.log","coreLogName":"egg-web.log","agentLogName":"egg-agent.log","errorLogName":"common-error.log","coreLogger":{"consoleLevel":"WARN"},"allowDebugAtProd":false,"type":"application"}
2019-03-25 13:10:42,288 INFO 13743 [egg-multipart] stream mode enable
2019-03-25 13:10:42,597 INFO 13743 [egg-static] starting static serve /public/ -> /Users/tubulang/myPratice/egg/egg-example/app/public
2019-03-25 13:10:42,599 INFO 13743 [egg-security] use methodnoallow middleware
2019-03-25 13:10:42,600 INFO 13743 [egg-security] use noopen middleware
2019-03-25 13:10:42,600 INFO 13743 [egg-security] use nosniff middleware
2019-03-25 13:10:42,601 INFO 13743 [egg-security] use xssProtection middleware
2019-03-25 13:10:42,601 INFO 13743 [egg-security] use xframe middleware
2019-03-25 13:10:42,602 INFO 13743 [egg-security] use dta middleware
2019-03-25 13:10:42,602 INFO 13743 [egg-security] compose 6 middlewares into one security middleware
2019-03-25 13:10:42,613 INFO 13743 [egg:core] dump config after load, 4ms
2019-03-25 13:10:42,646 INFO 13743 [egg-watcher:application] watcher start success
2019-03-25 13:10:42,669 INFO 13743 [egg:core] dump config after ready, 3ms
2019-03-25 13:11:28,472 INFO 13759 [egg:logger] init all loggers with options: {"dir":"/Users/tubulang/myPratice/egg/egg-example/logs/eggExample","encoding":"utf8","env":"local","level":"INFO","consoleLevel":"INFO","disableConsoleAfterReady":false,"outputJSON":false,"buffer":true,"appLogName":"eggExample-web.log","coreLogName":"egg-web.log","agentLogName":"egg-agent.log","errorLogName":"common-error.log","coreLogger":{"consoleLevel":"WARN"},"allowDebugAtProd":false,"type":"application"}
2019-03-25 13:11:28,501 INFO 13759 [egg-multipart] stream mode enable
2019-03-25 13:11:28,723 INFO 13759 [egg-static] starting static serve /public/ -> /Users/tubulang/myPratice/egg/egg-example/app/public
2019-03-25 13:11:28,725 INFO 13759 [egg-security] use methodnoallow middleware
2019-03-25 13:11:28,726 INFO 13759 [egg-security] use noopen middleware
2019-03-25 13:11:28,727 INFO 13759 [egg-security] use nosniff middleware
2019-03-25 13:11:28,727 INFO 13759 [egg-security] use xssProtection middleware
2019-03-25 13:11:28,728 INFO 13759 [egg-security] use xframe middleware
2019-03-25 13:11:28,728 INFO 13759 [egg-security] use dta middleware
2019-03-25 13:11:28,728 INFO 13759 [egg-security] compose 6 middlewares into one security middleware
2019-03-25 13:11:28,742 INFO 13759 [egg:core] dump config after load, 4ms
2019-03-25 13:11:28,780 INFO 13759 [egg-watcher:application] watcher start success
2019-03-25 13:11:28,803 INFO 13759 [egg:core] dump config after ready, 3ms
2019-03-25 20:54:12,164 WARN 13759 [ClusterClient:Watcher] follower closed, and try to init it again
2019-03-25 22:38:32,728 INFO 20526 [egg:logger] init all loggers with options: {"dir":"/Users/tubulang/myPratice/egg/egg-example/logs/eggExample","encoding":"utf8","env":"local","level":"INFO","consoleLevel":"INFO","disableConsoleAfterReady":false,"outputJSON":false,"buffer":true,"appLogName":"eggExample-web.log","coreLogName":"egg-web.log","agentLogName":"egg-agent.log","errorLogName":"common-error.log","coreLogger":{"consoleLevel":"WARN"},"allowDebugAtProd":false,"type":"application"}
2019-03-25 22:38:32,764 INFO 20526 [egg-multipart] stream mode enable
2019-03-25 22:38:33,111 INFO 20526 [egg-static] starting static serve /public/ -> /Users/tubulang/myPratice/egg/egg-example/app/public
2019-03-25 22:38:33,114 INFO 20526 [egg-security] use methodnoallow middleware
2019-03-25 22:38:33,115 INFO 20526 [egg-security] use noopen middleware
2019-03-25 22:38:33,115 INFO 20526 [egg-security] use nosniff middleware
2019-03-25 22:38:33,116 INFO 20526 [egg-security] use xssProtection middleware
2019-03-25 22:38:33,117 INFO 20526 [egg-security] use xframe middleware
2019-03-25 22:38:33,117 INFO 20526 [egg-security] use dta middleware
2019-03-25 22:38:33,117 INFO 20526 [egg-security] compose 6 middlewares into one security middleware
2019-03-25 22:38:33,133 INFO 20526 [egg:core] dump config after load, 7ms
2019-03-25 22:38:33,171 INFO 20526 [egg-watcher:application] watcher start success
2019-03-25 22:38:33,197 INFO 20526 [egg:core] dump config after ready, 3ms
2019-03-25 22:39:50,596 INFO 20530 [egg:logger] init all loggers with options: {"dir":"/Users/tubulang/myPratice/egg/egg-example/logs/eggExample","encoding":"utf8","env":"local","level":"INFO","consoleLevel":"INFO","disableConsoleAfterReady":false,"outputJSON":false,"buffer":true,"appLogName":"eggExample-web.log","coreLogName":"egg-web.log","agentLogName":"egg-agent.log","errorLogName":"common-error.log","coreLogger":{"consoleLevel":"WARN"},"allowDebugAtProd":false,"type":"application"}
2019-03-25 22:39:50,633 INFO 20530 [egg-multipart] stream mode enable
2019-03-25 22:39:51,038 INFO 20530 [egg-static] starting static serve /public/ -> /Users/tubulang/myPratice/egg/egg-example/app/public
2019-03-25 22:39:51,041 INFO 20530 [egg-security] use methodnoallow middleware
2019-03-25 22:39:51,042 INFO 20530 [egg-security] use noopen middleware
2019-03-25 22:39:51,043 INFO 20530 [egg-security] use nosniff middleware
2019-03-25 22:39:51,043 INFO 20530 [egg-security] use xssProtection middleware
2019-03-25 22:39:51,044 INFO 20530 [egg-security] use xframe middleware
2019-03-25 22:39:51,045 INFO 20530 [egg-security] use dta middleware
2019-03-25 22:39:51,045 INFO 20530 [egg-security] compose 6 middlewares into one security middleware
2019-03-25 22:39:51,060 INFO 20530 [egg:core] dump config after load, 6ms
2019-03-25 22:39:51,099 INFO 20530 [egg-watcher:application] watcher start success
2019-03-25 22:39:51,128 INFO 20530 [egg:core] dump config after ready, 4ms
2019-03-25 22:40:12,816 INFO 20533 [egg:logger] init all loggers with options: {"dir":"/Users/tubulang/myPratice/egg/egg-example/logs/eggExample","encoding":"utf8","env":"local","level":"INFO","consoleLevel":"INFO","disableConsoleAfterReady":false,"outputJSON":false,"buffer":true,"appLogName":"eggExample-web.log","coreLogName":"egg-web.log","agentLogName":"egg-agent.log","errorLogName":"common-error.log","coreLogger":{"consoleLevel":"WARN"},"allowDebugAtProd":false,"type":"application"}
2019-03-25 22:40:12,851 INFO 20533 [egg-multipart] stream mode enable
2019-03-25 22:40:13,222 INFO 20533 [egg-static] starting static serve /public/ -> /Users/tubulang/myPratice/egg/egg-example/app/public
2019-03-25 22:40:13,225 INFO 20533 [egg-security] use methodnoallow middleware
2019-03-25 22:40:13,225 INFO 20533 [egg-security] use noopen middleware
2019-03-25 22:40:13,226 INFO 20533 [egg-security] use nosniff middleware
2019-03-25 22:40:13,227 INFO 20533 [egg-security] use xssProtection middleware
2019-03-25 22:40:13,227 INFO 20533 [egg-security] use xframe middleware
2019-03-25 22:40:13,227 INFO 20533 [egg-security] use dta middleware
2019-03-25 22:40:13,227 INFO 20533 [egg-security] compose 6 middlewares into one security middleware
2019-03-25 22:40:13,241 INFO 20533 [egg:core] dump config after load, 6ms
2019-03-25 22:40:13,281 INFO 20533 [egg-watcher:application] watcher start success
2019-03-25 22:40:13,311 INFO 20533 [egg:core] dump config after ready, 4ms
2019-03-25 22:40:18,681 INFO 20535 [egg:logger] init all loggers with options: {"dir":"/Users/tubulang/myPratice/egg/egg-example/logs/eggExample","encoding":"utf8","env":"local","level":"INFO","consoleLevel":"INFO","disableConsoleAfterReady":false,"outputJSON":false,"buffer":true,"appLogName":"eggExample-web.log","coreLogName":"egg-web.log","agentLogName":"egg-agent.log","errorLogName":"common-error.log","coreLogger":{"consoleLevel":"WARN"},"allowDebugAtProd":false,"type":"application"}
2019-03-25 22:40:18,718 INFO 20535 [egg-multipart] stream mode enable
2019-03-25 22:40:19,087 INFO 20535 [egg-static] starting static serve /public/ -> /Users/tubulang/myPratice/egg/egg-example/app/public
2019-03-25 22:40:19,090 INFO 20535 [egg-security] use methodnoallow middleware
2019-03-25 22:40:19,091 INFO 20535 [egg-security] use noopen middleware
2019-03-25 22:40:19,092 INFO 20535 [egg-security] use nosniff middleware
2019-03-25 22:40:19,092 INFO 20535 [egg-security] use xssProtection middleware
2019-03-25 22:40:19,093 INFO 20535 [egg-security] use xframe middleware
2019-03-25 22:40:19,093 INFO 20535 [egg-security] use dta middleware
2019-03-25 22:40:19,093 INFO 20535 [egg-security] compose 6 middlewares into one security middleware
2019-03-25 22:40:19,107 INFO 20535 [egg:core] dump config after load, 5ms
2019-03-25 22:40:19,141 INFO 20535 [egg-watcher:application] watcher start success
2019-03-25 22:40:19,173 INFO 20535 [egg:core] dump config after ready, 5ms
2019-03-25 22:42:17,460 INFO 20539 [egg:logger] init all loggers with options: {"dir":"/Users/tubulang/myPratice/egg/egg-example/logs/eggExample","encoding":"utf8","env":"local","level":"INFO","consoleLevel":"INFO","disableConsoleAfterReady":false,"outputJSON":false,"buffer":true,"appLogName":"eggExample-web.log","coreLogName":"egg-web.log","agentLogName":"egg-agent.log","errorLogName":"common-error.log","coreLogger":{"consoleLevel":"WARN"},"allowDebugAtProd":false,"type":"application"}
2019-03-25 22:42:17,494 INFO 20539 [egg-multipart] stream mode enable
2019-03-25 22:42:17,871 INFO 20539 [egg-static] starting static serve /public/ -> /Users/tubulang/myPratice/egg/egg-example/app/public
2019-03-25 22:42:17,873 INFO 20539 [egg-security] use methodnoallow middleware
2019-03-25 22:42:17,874 INFO 20539 [egg-security] use noopen middleware
2019-03-25 22:42:17,875 INFO 20539 [egg-security] use nosniff middleware
2019-03-25 22:42:17,875 INFO 20539 [egg-security] use xssProtection middleware
2019-03-25 22:42:17,876 INFO 20539 [egg-security] use xframe middleware
2019-03-25 22:42:17,876 INFO 20539 [egg-security] use dta middleware
2019-03-25 22:42:17,876 INFO 20539 [egg-security] compose 6 middlewares into one security middleware
2019-03-25 22:42:17,891 INFO 20539 [egg:core] dump config after load, 6ms
2019-03-25 22:42:17,930 INFO 20539 [egg-watcher:application] watcher start success
2019-03-25 22:42:17,959 INFO 20539 [egg:core] dump config after ready, 3ms
2019-03-25 22:43:22,699 INFO 20548 [egg:logger] init all loggers with options: {"dir":"/Users/tubulang/myPratice/egg/egg-example/logs/eggExample","encoding":"utf8","env":"local","level":"INFO","consoleLevel":"INFO","disableConsoleAfterReady":false,"outputJSON":false,"buffer":true,"appLogName":"eggExample-web.log","coreLogName":"egg-web.log","agentLogName":"egg-agent.log","errorLogName":"common-error.log","coreLogger":{"consoleLevel":"WARN"},"allowDebugAtProd":false,"type":"application"}
2019-03-25 22:43:22,742 INFO 20548 [egg-multipart] stream mode enable
2019-03-25 22:43:23,024 INFO 20548 [egg-static] starting static serve /public/ -> /Users/tubulang/myPratice/egg/egg-example/app/public
2019-03-25 22:43:23,027 INFO 20548 [egg-security] use methodnoallow middleware
2019-03-25 22:43:23,027 INFO 20548 [egg-security] use noopen middleware
2019-03-25 22:43:23,027 INFO 20548 [egg-security] use nosniff middleware
2019-03-25 22:43:23,028 INFO 20548 [egg-security] use xssProtection middleware
2019-03-25 22:43:23,028 INFO 20548 [egg-security] use xframe middleware
2019-03-25 22:43:23,028 INFO 20548 [egg-security] use dta middleware
2019-03-25 22:43:23,028 INFO 20548 [egg-security] compose 6 middlewares into one security middleware
2019-03-25 22:43:23,040 INFO 20548 [egg:core] dump config after load, 5ms
2019-03-25 22:43:23,082 INFO 20548 [egg-watcher:application] watcher start success
2019-03-25 22:43:23,119 INFO 20548 [egg:core] dump config after ready, 5ms
2019-03-25 22:44:41,807 INFO 20552 [egg:logger] init all loggers with options: {"dir":"/Users/tubulang/myPratice/egg/egg-example/logs/eggExample","encoding":"utf8","env":"local","level":"INFO","consoleLevel":"INFO","disableConsoleAfterReady":false,"outputJSON":false,"buffer":true,"appLogName":"eggExample-web.log","coreLogName":"egg-web.log","agentLogName":"egg-agent.log","errorLogName":"common-error.log","coreLogger":{"consoleLevel":"WARN"},"allowDebugAtProd":false,"type":"application"}
2019-03-25 22:44:41,847 INFO 20552 [egg-multipart] stream mode enable
2019-03-25 22:44:42,129 INFO 20552 [egg-static] starting static serve /public/ -> /Users/tubulang/myPratice/egg/egg-example/app/public
2019-03-25 22:44:42,131 INFO 20552 [egg-security] use methodnoallow middleware
2019-03-25 22:44:42,131 INFO 20552 [egg-security] use noopen middleware
2019-03-25 22:44:42,132 INFO 20552 [egg-security] use nosniff middleware
2019-03-25 22:44:42,132 INFO 20552 [egg-security] use xssProtection middleware
2019-03-25 22:44:42,132 INFO 20552 [egg-security] use xframe middleware
2019-03-25 22:44:42,133 INFO 20552 [egg-security] use dta middleware
2019-03-25 22:44:42,133 INFO 20552 [egg-security] compose 6 middlewares into one security middleware
2019-03-25 22:44:42,144 INFO 20552 [egg:core] dump config after load, 5ms
2019-03-25 22:44:42,182 INFO 20552 [egg-watcher:application] watcher start success
2019-03-25 22:44:42,210 INFO 20552 [egg:core] dump config after ready, 4ms
2019-03-25 22:46:33,827 INFO 20556 [egg:logger] init all loggers with options: {"dir":"/Users/tubulang/myPratice/egg/egg-example/logs/eggExample","encoding":"utf8","env":"local","level":"INFO","consoleLevel":"INFO","disableConsoleAfterReady":false,"outputJSON":false,"buffer":true,"appLogName":"eggExample-web.log","coreLogName":"egg-web.log","agentLogName":"egg-agent.log","errorLogName":"common-error.log","coreLogger":{"consoleLevel":"WARN"},"allowDebugAtProd":false,"type":"application"}
2019-03-25 22:46:33,863 INFO 20556 [egg-multipart] stream mode enable
2019-03-25 22:46:34,186 INFO 20556 [egg-static] starting static serve /public/ -> /Users/tubulang/myPratice/egg/egg-example/app/public
2019-03-25 22:46:34,188 INFO 20556 [egg-security] use methodnoallow middleware
2019-03-25 22:46:34,189 INFO 20556 [egg-security] use noopen middleware
2019-03-25 22:46:34,189 INFO 20556 [egg-security] use nosniff middleware
2019-03-25 22:46:34,190 INFO 20556 [egg-security] use xssProtection middleware
2019-03-25 22:46:34,190 INFO 20556 [egg-security] use xframe middleware
2019-03-25 22:46:34,191 INFO 20556 [egg-security] use dta middleware
2019-03-25 22:46:34,191 INFO 20556 [egg-security] compose 6 middlewares into one security middleware
2019-03-25 22:46:34,206 INFO 20556 [egg:core] dump config after load, 7ms
2019-03-25 22:46:34,257 INFO 20556 [egg-watcher:application] watcher start success
2019-03-25 22:46:34,281 INFO 20556 [egg:core] dump config after ready, 4ms
2019-03-25 22:46:58,523 INFO 20559 [egg:logger] init all loggers with options: {"dir":"/Users/tubulang/myPratice/egg/egg-example/logs/eggExample","encoding":"utf8","env":"local","level":"INFO","consoleLevel":"INFO","disableConsoleAfterReady":false,"outputJSON":false,"buffer":true,"appLogName":"eggExample-web.log","coreLogName":"egg-web.log","agentLogName":"egg-agent.log","errorLogName":"common-error.log","coreLogger":{"consoleLevel":"WARN"},"allowDebugAtProd":false,"type":"application"}
2019-03-25 22:46:58,561 INFO 20559 [egg-multipart] stream mode enable
2019-03-25 22:46:58,860 INFO 20559 [egg-static] starting static serve /public/ -> /Users/tubulang/myPratice/egg/egg-example/app/public
2019-03-25 22:46:58,864 INFO 20559 [egg-security] use methodnoallow middleware
2019-03-25 22:46:58,864 INFO 20559 [egg-security] use noopen middleware
2019-03-25 22:46:58,865 INFO 20559 [egg-security] use nosniff middleware
2019-03-25 22:46:58,865 INFO 20559 [egg-security] use xssProtection middleware
2019-03-25 22:46:58,865 INFO 20559 [egg-security] use xframe middleware
2019-03-25 22:46:58,866 INFO 20559 [egg-security] use dta middleware
2019-03-25 22:46:58,866 INFO 20559 [egg-security] compose 6 middlewares into one security middleware
2019-03-25 22:46:58,880 INFO 20559 [egg:core] dump config after load, 5ms
2019-03-25 22:46:58,923 INFO 20559 [egg-watcher:application] watcher start success
2019-03-25 22:46:58,956 INFO 20559 [egg:core] dump config after ready, 4ms
2019-03-25 22:50:15,897 INFO 20573 [egg:logger] init all loggers with options: {"dir":"/Users/tubulang/myPratice/egg/egg-example/logs/eggExample","encoding":"utf8","env":"local","level":"INFO","consoleLevel":"INFO","disableConsoleAfterReady":false,"outputJSON":false,"buffer":true,"appLogName":"eggExample-web.log","coreLogName":"egg-web.log","agentLogName":"egg-agent.log","errorLogName":"common-error.log","coreLogger":{"consoleLevel":"WARN"},"allowDebugAtProd":false,"type":"application"}
2019-03-25 22:50:15,940 INFO 20573 [egg-multipart] stream mode enable
2019-03-25 22:50:16,252 INFO 20573 [egg-static] starting static serve /public/ -> /Users/tubulang/myPratice/egg/egg-example/app/public
2019-03-25 22:50:16,254 INFO 20573 [egg-security] use methodnoallow middleware
2019-03-25 22:50:16,255 INFO 20573 [egg-security] use noopen middleware
2019-03-25 22:50:16,255 INFO 20573 [egg-security] use nosniff middleware
2019-03-25 22:50:16,256 INFO 20573 [egg-security] use xssProtection middleware
2019-03-25 22:50:16,256 INFO 20573 [egg-security] use xframe middleware
2019-03-25 22:50:16,256 INFO 20573 [egg-security] use dta middleware
2019-03-25 22:50:16,256 INFO 20573 [egg-security] compose 6 middlewares into one security middleware
2019-03-25 22:50:16,269 INFO 20573 [egg:core] dump config after load, 6ms
2019-03-25 22:50:16,313 INFO 20573 [egg-watcher:application] watcher start success
2019-03-25 22:50:16,346 INFO 20573 [egg:core] dump config after ready, 5ms
2019-03-25 22:51:38,125 INFO 20613 [egg:logger] init all loggers with options: {"dir":"/Users/tubulang/myPratice/egg/egg-example/logs/eggExample","encoding":"utf8","env":"local","level":"INFO","consoleLevel":"INFO","disableConsoleAfterReady":false,"outputJSON":false,"buffer":true,"appLogName":"eggExample-web.log","coreLogName":"egg-web.log","agentLogName":"egg-agent.log","errorLogName":"common-error.log","coreLogger":{"consoleLevel":"WARN"},"allowDebugAtProd":false,"type":"application"}
2019-03-25 22:51:38,163 INFO 20613 [egg-multipart] stream mode enable
2019-03-25 22:51:38,591 INFO 20613 [egg-static] starting static serve /public/ -> /Users/tubulang/myPratice/egg/egg-example/app/public
2019-03-25 22:51:38,594 INFO 20613 [egg-security] use methodnoallow middleware
2019-03-25 22:51:38,595 INFO 20613 [egg-security] use noopen middleware
2019-03-25 22:51:38,596 INFO 20613 [egg-security] use nosniff middleware
2019-03-25 22:51:38,596 INFO 20613 [egg-security] use xssProtection middleware
2019-03-25 22:51:38,597 INFO 20613 [egg-security] use xframe middleware
2019-03-25 22:51:38,598 INFO 20613 [egg-security] use dta middleware
2019-03-25 22:51:38,598 INFO 20613 [egg-security] compose 6 middlewares into one security middleware
2019-03-25 22:51:38,614 INFO 20613 [egg:core] dump config after load, 7ms
2019-03-25 22:51:38,661 INFO 20613 [egg-watcher:application] watcher start success
2019-03-25 22:51:38,691 INFO 20613 [egg:core] dump config after ready, 4ms
2019-03-25 22:52:25,309 INFO 20619 [egg:logger] init all loggers with options: {"dir":"/Users/tubulang/myPratice/egg/egg-example/logs/eggExample","encoding":"utf8","env":"local","level":"INFO","consoleLevel":"INFO","disableConsoleAfterReady":false,"outputJSON":false,"buffer":true,"appLogName":"eggExample-web.log","coreLogName":"egg-web.log","agentLogName":"egg-agent.log","errorLogName":"common-error.log","coreLogger":{"consoleLevel":"WARN"},"allowDebugAtProd":false,"type":"application"}
2019-03-25 22:52:25,345 INFO 20619 [egg-multipart] stream mode enable
2019-03-25 22:52:25,595 INFO 20619 [egg-static] starting static serve /public/ -> /Users/tubulang/myPratice/egg/egg-example/app/public
2019-03-25 22:52:25,597 INFO 20619 [egg-security] use methodnoallow middleware
2019-03-25 22:52:25,597 INFO 20619 [egg-security] use noopen middleware
2019-03-25 22:52:25,597 INFO 20619 [egg-security] use nosniff middleware
2019-03-25 22:52:25,598 INFO 20619 [egg-security] use xssProtection middleware
2019-03-25 22:52:25,598 INFO 20619 [egg-security] use xframe middleware
2019-03-25 22:52:25,598 INFO 20619 [egg-security] use dta middleware
2019-03-25 22:52:25,598 INFO 20619 [egg-security] compose 6 middlewares into one security middleware
2019-03-25 22:52:25,610 INFO 20619 [egg:core] dump config after load, 5ms
2019-03-25 22:52:25,644 INFO 20619 [egg-watcher:application] watcher start success
2019-03-25 22:52:25,670 INFO 20619 [egg:core] dump config after ready, 3ms
2019-03-25 22:54:47,118 INFO 20630 [egg:logger] init all loggers with options: {"dir":"/Users/tubulang/myPratice/egg/egg-example/logs/eggExample","encoding":"utf8","env":"local","level":"INFO","consoleLevel":"INFO","disableConsoleAfterReady":false,"outputJSON":false,"buffer":true,"appLogName":"eggExample-web.log","coreLogName":"egg-web.log","agentLogName":"egg-agent.log","errorLogName":"common-error.log","coreLogger":{"consoleLevel":"WARN"},"allowDebugAtProd":false,"type":"application"}
2019-03-25 22:54:47,154 INFO 20630 [egg-multipart] stream mode enable
2019-03-25 22:54:47,554 INFO 20630 [egg-static] starting static serve /public/ -> /Users/tubulang/myPratice/egg/egg-example/app/public
2019-03-25 22:54:47,557 INFO 20630 [egg-security] use methodnoallow middleware
2019-03-25 22:54:47,557 INFO 20630 [egg-security] use noopen middleware
2019-03-25 22:54:47,558 INFO 20630 [egg-security] use nosniff middleware
2019-03-25 22:54:47,559 INFO 20630 [egg-security] use xssProtection middleware
2019-03-25 22:54:47,559 INFO 20630 [egg-security] use xframe middleware
2019-03-25 22:54:47,560 INFO 20630 [egg-security] use dta middleware
2019-03-25 22:54:47,560 INFO 20630 [egg-security] compose 6 middlewares into one security middleware
2019-03-25 22:54:47,577 INFO 20630 [egg:core] dump config after load, 6ms
2019-03-25 22:54:47,621 INFO 20630 [egg-watcher:application] watcher start success
2019-03-25 22:54:47,648 INFO 20630 [egg:core] dump config after ready, 3ms
2019-03-25 22:54:55,080 INFO 20635 [egg:logger] init all loggers with options: {"dir":"/Users/tubulang/myPratice/egg/egg-example/logs/eggExample","encoding":"utf8","env":"local","level":"INFO","consoleLevel":"INFO","disableConsoleAfterReady":false,"outputJSON":false,"buffer":true,"appLogName":"eggExample-web.log","coreLogName":"egg-web.log","agentLogName":"egg-agent.log","errorLogName":"common-error.log","coreLogger":{"consoleLevel":"WARN"},"allowDebugAtProd":false,"type":"application"}
2019-03-25 22:54:55,124 INFO 20635 [egg-multipart] stream mode enable
2019-03-25 22:54:55,422 INFO 20635 [egg-static] starting static serve /public/ -> /Users/tubulang/myPratice/egg/egg-example/app/public
2019-03-25 22:54:55,424 INFO 20635 [egg-security] use methodnoallow middleware
2019-03-25 22:54:55,424 INFO 20635 [egg-security] use noopen middleware
2019-03-25 22:54:55,425 INFO 20635 [egg-security] use nosniff middleware
2019-03-25 22:54:55,425 INFO 20635 [egg-security] use xssProtection middleware
2019-03-25 22:54:55,425 INFO 20635 [egg-security] use xframe middleware
2019-03-25 22:54:55,426 INFO 20635 [egg-security] use dta middleware
2019-03-25 22:54:55,426 INFO 20635 [egg-security] compose 6 middlewares into one security middleware
2019-03-25 22:54:55,440 INFO 20635 [egg:core] dump config after load, 7ms
2019-03-25 22:54:55,486 INFO 20635 [egg-watcher:application] watcher start success
2019-03-25 22:54:55,510 INFO 20635 [egg:core] dump config after ready, 5ms
2019-03-25 22:55:42,309 INFO 20641 [egg:logger] init all loggers with options: {"dir":"/Users/tubulang/myPratice/egg/egg-example/logs/eggExample","encoding":"utf8","env":"local","level":"INFO","consoleLevel":"INFO","disableConsoleAfterReady":false,"outputJSON":false,"buffer":true,"appLogName":"eggExample-web.log","coreLogName":"egg-web.log","agentLogName":"egg-agent.log","errorLogName":"common-error.log","coreLogger":{"consoleLevel":"WARN"},"allowDebugAtProd":false,"type":"application"}
2019-03-25 22:55:42,342 INFO 20641 [egg-multipart] stream mode enable
2019-03-25 22:55:42,718 INFO 20641 [egg-static] starting static serve /public/ -> /Users/tubulang/myPratice/egg/egg-example/app/public
2019-03-25 22:55:42,720 INFO 20641 [egg-security] use methodnoallow middleware
2019-03-25 22:55:42,721 INFO 20641 [egg-security] use noopen middleware
2019-03-25 22:55:42,722 INFO 20641 [egg-security] use nosniff middleware
2019-03-25 22:55:42,723 INFO 20641 [egg-security] use xssProtection middleware
2019-03-25 22:55:42,723 INFO 20641 [egg-security] use xframe middleware
2019-03-25 22:55:42,724 INFO 20641 [egg-security] use dta middleware
2019-03-25 22:55:42,724 INFO 20641 [egg-security] compose 6 middlewares into one security middleware
2019-03-25 22:55:42,736 INFO 20641 [egg:core] dump config after load, 4ms
2019-03-25 22:55:42,769 INFO 20641 [egg-watcher:application] watcher start success
2019-03-25 22:55:42,794 INFO 20641 [egg:core] dump config after ready, 4ms
2019-03-25 23:50:39,596 INFO 20804 [egg:logger] init all loggers with options: {"dir":"/Users/tubulang/personalProject/lifeRemember/lifeRememberServer/logs/eggExample","encoding":"utf8","env":"local","level":"INFO","consoleLevel":"INFO","disableConsoleAfterReady":false,"outputJSON":false,"buffer":true,"appLogName":"eggExample-web.log","coreLogName":"egg-web.log","agentLogName":"egg-agent.log","errorLogName":"common-error.log","coreLogger":{"consoleLevel":"WARN"},"allowDebugAtProd":false,"type":"application"}
2019-03-25 23:50:39,631 INFO 20804 [egg-multipart] stream mode enable
2019-03-25 23:50:39,924 INFO 20804 [egg-static] starting static serve /public/ -> /Users/tubulang/personalProject/lifeRemember/lifeRememberServer/app/public
2019-03-25 23:50:39,927 INFO 20804 [egg-security] use methodnoallow middleware
2019-03-25 23:50:39,928 INFO 20804 [egg-security] use noopen middleware
2019-03-25 23:50:39,929 INFO 20804 [egg-security] use nosniff middleware
2019-03-25 23:50:39,930 INFO 20804 [egg-security] use xssProtection middleware
2019-03-25 23:50:39,931 INFO 20804 [egg-security] use xframe middleware
2019-03-25 23:50:39,932 INFO 20804 [egg-security] use dta middleware
2019-03-25 23:50:39,932 INFO 20804 [egg-security] compose 6 middlewares into one security middleware
2019-03-25 23:50:39,949 INFO 20804 [egg:core] dump config after load, 6ms
2019-03-25 23:50:39,983 INFO 20804 [egg-watcher:application] watcher start success
2019-03-25 23:50:40,010 INFO 20804 [egg:core] dump config after ready, 4ms
