2019-03-25 08:15:17,593 INFO 11289 [egg-schedule]: register schedule /Users/tubulang/myPratice/egg/egg-example/node_modules/egg-logrotator/app/schedule/clean_log.js
2019-03-25 08:15:17,593 INFO 11289 [egg-schedule]: register schedule /Users/tubulang/myPratice/egg/egg-example/node_modules/egg-logrotator/app/schedule/rotate_by_file.js
2019-03-25 08:19:38,822 INFO 11295 [egg-schedule]: register schedule /Users/tubulang/myPratice/egg/egg-example/node_modules/egg-logrotator/app/schedule/clean_log.js
2019-03-25 08:19:38,822 INFO 11295 [egg-schedule]: register schedule /Users/tubulang/myPratice/egg/egg-example/node_modules/egg-logrotator/app/schedule/rotate_by_file.js
2019-03-25 08:19:40,169 INFO 11296 [egg-schedule]: register schedule /Users/tubulang/myPratice/egg/egg-example/node_modules/egg-logrotator/app/schedule/clean_log.js
2019-03-25 08:19:40,169 INFO 11296 [egg-schedule]: register schedule /Users/tubulang/myPratice/egg/egg-example/node_modules/egg-logrotator/app/schedule/rotate_by_file.js
2019-03-25 08:45:17,998 INFO 11428 [Timer] /Users/tubulang/myPratice/egg/egg-example/node_modules/egg-logrotator/app/schedule/clean_log.js next time will execute after 54882004ms at 2019-03-26 00:00:00.002
2019-03-25 08:45:17,999 INFO 11428 [Timer] /Users/tubulang/myPratice/egg/egg-example/node_modules/egg-logrotator/app/schedule/rotate_by_file.js next time will execute after 54883001ms at 2019-03-26 00:00:01.000
2019-03-25 08:45:17,663 INFO 11429 [egg-schedule]: register schedule /Users/tubulang/myPratice/egg/egg-example/node_modules/egg-logrotator/app/schedule/clean_log.js
2019-03-25 08:45:17,663 INFO 11429 [egg-schedule]: register schedule /Users/tubulang/myPratice/egg/egg-example/node_modules/egg-logrotator/app/schedule/rotate_by_file.js
2019-03-25 08:53:16,433 INFO 11482 [egg-schedule]: register schedule /Users/tubulang/myPratice/egg/egg-example/node_modules/egg-logrotator/app/schedule/clean_log.js
2019-03-25 08:53:16,433 INFO 11482 [egg-schedule]: register schedule /Users/tubulang/myPratice/egg/egg-example/node_modules/egg-logrotator/app/schedule/rotate_by_file.js
2019-03-25 08:53:52,004 INFO 11488 [egg-schedule]: register schedule /Users/tubulang/myPratice/egg/egg-example/node_modules/egg-logrotator/app/schedule/clean_log.js
2019-03-25 08:53:52,004 INFO 11488 [egg-schedule]: register schedule /Users/tubulang/myPratice/egg/egg-example/node_modules/egg-logrotator/app/schedule/rotate_by_file.js
2019-03-25 08:54:19,329 INFO 11489 [egg-schedule]: register schedule /Users/tubulang/myPratice/egg/egg-example/node_modules/egg-logrotator/app/schedule/clean_log.js
2019-03-25 08:54:19,329 INFO 11489 [egg-schedule]: register schedule /Users/tubulang/myPratice/egg/egg-example/node_modules/egg-logrotator/app/schedule/rotate_by_file.js
2019-03-25 08:55:05,149 INFO 11492 [egg-schedule]: register schedule /Users/tubulang/myPratice/egg/egg-example/node_modules/egg-logrotator/app/schedule/clean_log.js
2019-03-25 08:55:05,150 INFO 11492 [egg-schedule]: register schedule /Users/tubulang/myPratice/egg/egg-example/node_modules/egg-logrotator/app/schedule/rotate_by_file.js
2019-03-25 09:45:44,245 INFO 11574 [egg-schedule]: register schedule /Users/tubulang/myPratice/egg/egg-example/node_modules/egg-logrotator/app/schedule/clean_log.js
2019-03-25 09:45:44,245 INFO 11574 [egg-schedule]: register schedule /Users/tubulang/myPratice/egg/egg-example/node_modules/egg-logrotator/app/schedule/rotate_by_file.js
2019-03-25 09:45:45,571 INFO 11575 [egg-schedule]: register schedule /Users/tubulang/myPratice/egg/egg-example/node_modules/egg-logrotator/app/schedule/clean_log.js
2019-03-25 09:45:45,571 INFO 11575 [egg-schedule]: register schedule /Users/tubulang/myPratice/egg/egg-example/node_modules/egg-logrotator/app/schedule/rotate_by_file.js
2019-03-25 09:45:45,681 INFO 11576 [egg-schedule]: register schedule /Users/tubulang/myPratice/egg/egg-example/node_modules/egg-logrotator/app/schedule/clean_log.js
2019-03-25 09:45:45,681 INFO 11576 [egg-schedule]: register schedule /Users/tubulang/myPratice/egg/egg-example/node_modules/egg-logrotator/app/schedule/rotate_by_file.js
2019-03-25 09:45:51,591 INFO 11579 [egg-schedule]: register schedule /Users/tubulang/myPratice/egg/egg-example/node_modules/egg-logrotator/app/schedule/clean_log.js
2019-03-25 09:45:51,591 INFO 11579 [egg-schedule]: register schedule /Users/tubulang/myPratice/egg/egg-example/node_modules/egg-logrotator/app/schedule/rotate_by_file.js
2019-03-25 09:46:53,238 INFO 11599 [egg-schedule]: register schedule /Users/tubulang/myPratice/egg/egg-example/node_modules/egg-logrotator/app/schedule/clean_log.js
2019-03-25 09:46:53,238 INFO 11599 [egg-schedule]: register schedule /Users/tubulang/myPratice/egg/egg-example/node_modules/egg-logrotator/app/schedule/rotate_by_file.js
2019-03-25 09:46:55,579 INFO 11602 [egg-schedule]: register schedule /Users/tubulang/myPratice/egg/egg-example/node_modules/egg-logrotator/app/schedule/clean_log.js
2019-03-25 09:46:55,580 INFO 11602 [egg-schedule]: register schedule /Users/tubulang/myPratice/egg/egg-example/node_modules/egg-logrotator/app/schedule/rotate_by_file.js
2019-03-25 09:46:59,479 INFO 11603 [egg-schedule]: register schedule /Users/tubulang/myPratice/egg/egg-example/node_modules/egg-logrotator/app/schedule/clean_log.js
2019-03-25 09:46:59,479 INFO 11603 [egg-schedule]: register schedule /Users/tubulang/myPratice/egg/egg-example/node_modules/egg-logrotator/app/schedule/rotate_by_file.js
2019-03-25 09:47:49,380 INFO 11605 [egg-schedule]: register schedule /Users/tubulang/myPratice/egg/egg-example/node_modules/egg-logrotator/app/schedule/clean_log.js
2019-03-25 09:47:49,380 INFO 11605 [egg-schedule]: register schedule /Users/tubulang/myPratice/egg/egg-example/node_modules/egg-logrotator/app/schedule/rotate_by_file.js
2019-03-25 09:48:43,636 INFO 11609 [egg-schedule]: register schedule /Users/tubulang/myPratice/egg/egg-example/node_modules/egg-logrotator/app/schedule/clean_log.js
2019-03-25 09:48:43,636 INFO 11609 [egg-schedule]: register schedule /Users/tubulang/myPratice/egg/egg-example/node_modules/egg-logrotator/app/schedule/rotate_by_file.js
2019-03-25 09:51:15,674 INFO 11617 [egg-schedule]: register schedule /Users/tubulang/myPratice/egg/egg-example/node_modules/egg-logrotator/app/schedule/clean_log.js
2019-03-25 09:51:15,674 INFO 11617 [egg-schedule]: register schedule /Users/tubulang/myPratice/egg/egg-example/node_modules/egg-logrotator/app/schedule/rotate_by_file.js
2019-03-25 09:51:18,800 INFO 11619 [egg-schedule]: register schedule /Users/tubulang/myPratice/egg/egg-example/node_modules/egg-logrotator/app/schedule/clean_log.js
2019-03-25 09:51:18,800 INFO 11619 [egg-schedule]: register schedule /Users/tubulang/myPratice/egg/egg-example/node_modules/egg-logrotator/app/schedule/rotate_by_file.js
2019-03-25 13:06:59,744 INFO 13712 [egg-schedule]: register schedule /Users/tubulang/myPratice/egg/egg-example/node_modules/egg-logrotator/app/schedule/clean_log.js
2019-03-25 13:06:59,744 INFO 13712 [egg-schedule]: register schedule /Users/tubulang/myPratice/egg/egg-example/node_modules/egg-logrotator/app/schedule/rotate_by_file.js
2019-03-25 13:08:49,064 INFO 13726 [egg-schedule]: register schedule /Users/tubulang/myPratice/egg/egg-example/node_modules/egg-logrotator/app/schedule/clean_log.js
2019-03-25 13:08:49,064 INFO 13726 [egg-schedule]: register schedule /Users/tubulang/myPratice/egg/egg-example/node_modules/egg-logrotator/app/schedule/rotate_by_file.js
2019-03-25 13:10:25,857 INFO 13737 [egg-schedule]: register schedule /Users/tubulang/myPratice/egg/egg-example/node_modules/egg-logrotator/app/schedule/clean_log.js
2019-03-25 13:10:25,857 INFO 13737 [egg-schedule]: register schedule /Users/tubulang/myPratice/egg/egg-example/node_modules/egg-logrotator/app/schedule/rotate_by_file.js
2019-03-25 13:10:42,287 INFO 13743 [egg-schedule]: register schedule /Users/tubulang/myPratice/egg/egg-example/node_modules/egg-logrotator/app/schedule/clean_log.js
2019-03-25 13:10:42,287 INFO 13743 [egg-schedule]: register schedule /Users/tubulang/myPratice/egg/egg-example/node_modules/egg-logrotator/app/schedule/rotate_by_file.js
2019-03-25 13:11:28,501 INFO 13759 [egg-schedule]: register schedule /Users/tubulang/myPratice/egg/egg-example/node_modules/egg-logrotator/app/schedule/clean_log.js
2019-03-25 13:11:28,501 INFO 13759 [egg-schedule]: register schedule /Users/tubulang/myPratice/egg/egg-example/node_modules/egg-logrotator/app/schedule/rotate_by_file.js
2019-03-25 22:38:32,763 INFO 20526 [egg-schedule]: register schedule /Users/tubulang/myPratice/egg/egg-example/node_modules/egg-logrotator/app/schedule/clean_log.js
2019-03-25 22:38:32,763 INFO 20526 [egg-schedule]: register schedule /Users/tubulang/myPratice/egg/egg-example/node_modules/egg-logrotator/app/schedule/rotate_by_file.js
2019-03-25 22:38:33,204 INFO 20525 [Timer] /Users/tubulang/myPratice/egg/egg-example/node_modules/egg-logrotator/app/schedule/clean_log.js next time will execute after 4886799ms at 2019-03-26 00:00:00.003
2019-03-25 22:38:33,205 INFO 20525 [Timer] /Users/tubulang/myPratice/egg/egg-example/node_modules/egg-logrotator/app/schedule/rotate_by_file.js next time will execute after 4887796ms at 2019-03-26 00:00:01.001
2019-03-25 22:39:50,632 INFO 20530 [egg-schedule]: register schedule /Users/tubulang/myPratice/egg/egg-example/node_modules/egg-logrotator/app/schedule/clean_log.js
2019-03-25 22:39:50,632 INFO 20530 [egg-schedule]: register schedule /Users/tubulang/myPratice/egg/egg-example/node_modules/egg-logrotator/app/schedule/rotate_by_file.js
2019-03-25 22:40:12,850 INFO 20533 [egg-schedule]: register schedule /Users/tubulang/myPratice/egg/egg-example/node_modules/egg-logrotator/app/schedule/clean_log.js
2019-03-25 22:40:12,850 INFO 20533 [egg-schedule]: register schedule /Users/tubulang/myPratice/egg/egg-example/node_modules/egg-logrotator/app/schedule/rotate_by_file.js
2019-03-25 22:40:18,717 INFO 20535 [egg-schedule]: register schedule /Users/tubulang/myPratice/egg/egg-example/node_modules/egg-logrotator/app/schedule/clean_log.js
2019-03-25 22:40:18,717 INFO 20535 [egg-schedule]: register schedule /Users/tubulang/myPratice/egg/egg-example/node_modules/egg-logrotator/app/schedule/rotate_by_file.js
2019-03-25 22:42:17,493 INFO 20539 [egg-schedule]: register schedule /Users/tubulang/myPratice/egg/egg-example/node_modules/egg-logrotator/app/schedule/clean_log.js
2019-03-25 22:42:17,494 INFO 20539 [egg-schedule]: register schedule /Users/tubulang/myPratice/egg/egg-example/node_modules/egg-logrotator/app/schedule/rotate_by_file.js
2019-03-25 22:43:22,741 INFO 20548 [egg-schedule]: register schedule /Users/tubulang/myPratice/egg/egg-example/node_modules/egg-logrotator/app/schedule/clean_log.js
2019-03-25 22:43:22,741 INFO 20548 [egg-schedule]: register schedule /Users/tubulang/myPratice/egg/egg-example/node_modules/egg-logrotator/app/schedule/rotate_by_file.js
2019-03-25 22:44:41,846 INFO 20552 [egg-schedule]: register schedule /Users/tubulang/myPratice/egg/egg-example/node_modules/egg-logrotator/app/schedule/clean_log.js
2019-03-25 22:44:41,846 INFO 20552 [egg-schedule]: register schedule /Users/tubulang/myPratice/egg/egg-example/node_modules/egg-logrotator/app/schedule/rotate_by_file.js
2019-03-25 22:46:33,862 INFO 20556 [egg-schedule]: register schedule /Users/tubulang/myPratice/egg/egg-example/node_modules/egg-logrotator/app/schedule/clean_log.js
2019-03-25 22:46:33,862 INFO 20556 [egg-schedule]: register schedule /Users/tubulang/myPratice/egg/egg-example/node_modules/egg-logrotator/app/schedule/rotate_by_file.js
2019-03-25 22:46:58,559 INFO 20559 [egg-schedule]: register schedule /Users/tubulang/myPratice/egg/egg-example/node_modules/egg-logrotator/app/schedule/clean_log.js
2019-03-25 22:46:58,560 INFO 20559 [egg-schedule]: register schedule /Users/tubulang/myPratice/egg/egg-example/node_modules/egg-logrotator/app/schedule/rotate_by_file.js
2019-03-25 22:50:15,939 INFO 20573 [egg-schedule]: register schedule /Users/tubulang/myPratice/egg/egg-example/node_modules/egg-logrotator/app/schedule/clean_log.js
2019-03-25 22:50:15,939 INFO 20573 [egg-schedule]: register schedule /Users/tubulang/myPratice/egg/egg-example/node_modules/egg-logrotator/app/schedule/rotate_by_file.js
2019-03-25 22:51:38,162 INFO 20613 [egg-schedule]: register schedule /Users/tubulang/myPratice/egg/egg-example/node_modules/egg-logrotator/app/schedule/clean_log.js
2019-03-25 22:51:38,162 INFO 20613 [egg-schedule]: register schedule /Users/tubulang/myPratice/egg/egg-example/node_modules/egg-logrotator/app/schedule/rotate_by_file.js
2019-03-25 22:52:25,344 INFO 20619 [egg-schedule]: register schedule /Users/tubulang/myPratice/egg/egg-example/node_modules/egg-logrotator/app/schedule/clean_log.js
2019-03-25 22:52:25,344 INFO 20619 [egg-schedule]: register schedule /Users/tubulang/myPratice/egg/egg-example/node_modules/egg-logrotator/app/schedule/rotate_by_file.js
2019-03-25 22:54:47,153 INFO 20630 [egg-schedule]: register schedule /Users/tubulang/myPratice/egg/egg-example/node_modules/egg-logrotator/app/schedule/clean_log.js
2019-03-25 22:54:47,153 INFO 20630 [egg-schedule]: register schedule /Users/tubulang/myPratice/egg/egg-example/node_modules/egg-logrotator/app/schedule/rotate_by_file.js
2019-03-25 22:54:55,123 INFO 20635 [egg-schedule]: register schedule /Users/tubulang/myPratice/egg/egg-example/node_modules/egg-logrotator/app/schedule/clean_log.js
2019-03-25 22:54:55,123 INFO 20635 [egg-schedule]: register schedule /Users/tubulang/myPratice/egg/egg-example/node_modules/egg-logrotator/app/schedule/rotate_by_file.js
2019-03-25 22:55:42,342 INFO 20641 [egg-schedule]: register schedule /Users/tubulang/myPratice/egg/egg-example/node_modules/egg-logrotator/app/schedule/clean_log.js
2019-03-25 22:55:42,342 INFO 20641 [egg-schedule]: register schedule /Users/tubulang/myPratice/egg/egg-example/node_modules/egg-logrotator/app/schedule/rotate_by_file.js
2019-03-25 23:50:40,016 INFO 20803 [Timer] /Users/tubulang/personalProject/lifeRemember/lifeRememberServer/node_modules/egg-logrotator/app/schedule/clean_log.js next time will execute after 559987ms at 2019-03-26 00:00:00.003
2019-03-25 23:50:40,016 INFO 20803 [Timer] /Users/tubulang/personalProject/lifeRemember/lifeRememberServer/node_modules/egg-logrotator/app/schedule/rotate_by_file.js next time will execute after 560984ms at 2019-03-26 00:00:01.000
2019-03-25 23:50:39,630 INFO 20804 [egg-schedule]: register schedule /Users/tubulang/personalProject/lifeRemember/lifeRememberServer/node_modules/egg-logrotator/app/schedule/clean_log.js
2019-03-25 23:50:39,630 INFO 20804 [egg-schedule]: register schedule /Users/tubulang/personalProject/lifeRemember/lifeRememberServer/node_modules/egg-logrotator/app/schedule/rotate_by_file.js
