2019-03-25 08:15:18,043 INFO 11289 [egg-sequelize](0ms) Executed (default): SELECT 1+1 AS result
2019-03-25 08:19:39,330 INFO 11295 [egg-sequelize](1ms) Executed (default): SELECT 1+1 AS result
2019-03-25 08:19:40,469 INFO 11296 [egg-sequelize](1ms) Executed (default): SELECT 1+1 AS result
2019-03-25 08:45:17,986 INFO 11429 [egg-sequelize](1ms) Executed (default): SELECT 1+1 AS result
2019-03-25 08:53:16,919 INFO 11482 [egg-sequelize](1ms) Executed (default): SELECT 1+1 AS result
2019-03-25 08:53:52,416 INFO 11488 [egg-sequelize](0ms) Executed (default): SELECT 1+1 AS result
2019-03-25 08:54:19,665 INFO 11489 [egg-sequelize](0ms) Executed (default): SELECT 1+1 AS result
2019-03-25 08:55:05,420 INFO 11492 [egg-sequelize](1ms) Executed (default): SELECT 1+1 AS result
2019-03-25 08:55:20,009 INFO 11492 [egg-sequelize](1ms) Executed (default): SELECT `id`, `name`, `creator`, `created_at`, `updated_at` FROM `labels` AS `label`;
2019-03-25 09:45:44,758 INFO 11574 [egg-sequelize](1ms) Executed (default): SELECT 1+1 AS result
2019-03-25 09:45:45,980 INFO 11576 [egg-sequelize](1ms) Executed (default): SELECT 1+1 AS result
2019-03-25 09:45:51,892 INFO 11579 [egg-sequelize](1ms) Executed (default): SELECT 1+1 AS result
2019-03-25 09:46:53,530 INFO 11599 [egg-sequelize](1ms) Executed (default): SELECT 1+1 AS result
2019-03-25 09:46:55,896 INFO 11602 [egg-sequelize](1ms) Executed (default): SELECT 1+1 AS result
2019-03-25 09:46:59,765 INFO 11603 [egg-sequelize](1ms) Executed (default): SELECT 1+1 AS result
2019-03-25 09:47:03,559 INFO 11603 [egg-sequelize](1ms) Executed (default): SELECT `id`, `name`, `creator`, `created_at`, `updated_at` FROM `labels` AS `label`;
2019-03-25 09:47:49,695 INFO 11605 [egg-sequelize](1ms) Executed (default): SELECT 1+1 AS result
2019-03-25 09:48:43,925 INFO 11609 [egg-sequelize](1ms) Executed (default): SELECT 1+1 AS result
2019-03-25 09:48:52,790 INFO 11609 [egg-sequelize](1ms) Executed (default): INSERT INTO `labels` (`id`,`created_at`,`updated_at`) VALUES (DEFAULT,'2019-03-25 01:48:52','2019-03-25 01:48:52');
2019-03-25 09:48:52,796 ERROR 11609 [-/::1/-/35ms POST /label] nodejs.SequelizeDatabaseError: Field 'name' doesn't have a default value
    at Query.formatError (/Users/tubulang/myPratice/egg/egg-example/node_modules/sequelize/lib/dialects/mysql/query.js:247:16)
    at Query.handler [as onResult] (/Users/tubulang/myPratice/egg/egg-example/node_modules/sequelize/lib/dialects/mysql/query.js:68:23)
    at Query.execute (/Users/tubulang/myPratice/egg/egg-example/node_modules/mysql2/lib/commands/command.js:30:14)
    at Connection.handlePacket (/Users/tubulang/myPratice/egg/egg-example/node_modules/mysql2/lib/connection.js:449:32)
    at PacketParser.Connection.packetParser.p [as onPacket] (/Users/tubulang/myPratice/egg/egg-example/node_modules/mysql2/lib/connection.js:72:12)
    at PacketParser.executeStart (/Users/tubulang/myPratice/egg/egg-example/node_modules/mysql2/lib/packet_parser.js:75:16)
    at Socket.Connection.stream.on.data (/Users/tubulang/myPratice/egg/egg-example/node_modules/mysql2/lib/connection.js:79:25)
    at Socket.emit (events.js:182:13)
    at addChunk (_stream_readable.js:283:12)
    at readableAddChunk (_stream_readable.js:264:11)
    at Socket.Readable.push (_stream_readable.js:219:10)
    at TCP.onStreamRead [as onread] (internal/stream_base_commons.js:94:17)
From previous event:
    at Query.run (/Users/tubulang/myPratice/egg/egg-example/node_modules/sequelize/lib/dialects/mysql/query.js:57:12)
    at Promise.try.then.connection (/Users/tubulang/myPratice/egg/egg-example/node_modules/sequelize/lib/sequelize.js:558:20)
From previous event:
    at Promise.resolve.retryParameters (/Users/tubulang/myPratice/egg/egg-example/node_modules/sequelize/lib/sequelize.js:555:8)
    at /Users/tubulang/myPratice/egg/egg-example/node_modules/retry-as-promised/index.js:39:21
    at retryAsPromised (/Users/tubulang/myPratice/egg/egg-example/node_modules/retry-as-promised/index.js:29:10)
    at Sequelize.query (/Users/tubulang/myPratice/egg/egg-example/node_modules/sequelize/lib/sequelize.js:454:28)
    at QueryInterface.insert (/Users/tubulang/myPratice/egg/egg-example/node_modules/sequelize/lib/query-interface.js:901:27)
    at Promise.try.then.then.then (/Users/tubulang/myPratice/egg/egg-example/node_modules/sequelize/lib/model.js:3685:53)
    at runCallback (timers.js:705:18)
    at tryOnImmediate (timers.js:676:5)
    at processImmediate (timers.js:658:5)
From previous event:
    at model.save (/Users/tubulang/myPratice/egg/egg-example/node_modules/sequelize/lib/model.js:3661:8)
    at Function.create (/Users/tubulang/myPratice/egg/egg-example/node_modules/sequelize/lib/model.js:2023:8)
    at LabelController.create (/Users/tubulang/myPratice/egg/egg-example/app/controller/label.js:25:41)
    at Object.callFn (/Users/tubulang/myPratice/egg/egg-example/node_modules/egg-core/lib/utils/index.js:44:21)
    at Object.classControllerMiddleware (/Users/tubulang/myPratice/egg/egg-example/node_modules/egg-core/lib/loader/mixin/controller.js:87:20)
    at Object.callFn (/Users/tubulang/myPratice/egg/egg-example/node_modules/@eggjs/router/lib/utils.js:12:21)
    at wrappedController (/Users/tubulang/myPratice/egg/egg-example/node_modules/@eggjs/router/lib/egg_router.js:322:18)
    at dispatch (/Users/tubulang/myPratice/egg/egg-example/node_modules/koa-compose/index.js:44:32)
    at next (/Users/tubulang/myPratice/egg/egg-example/node_modules/koa-compose/index.js:45:18)
    at /Users/tubulang/myPratice/egg/egg-example/node_modules/@eggjs/router/lib/router.js:190:18
    at dispatch (/Users/tubulang/myPratice/egg/egg-example/node_modules/koa-compose/index.js:44:32)
    at /Users/tubulang/myPratice/egg/egg-example/node_modules/koa-compose/index.js:36:12
    at dispatch (/Users/tubulang/myPratice/egg/egg-example/node_modules/@eggjs/router/lib/router.js:195:33)
    at dispatch (/Users/tubulang/myPratice/egg/egg-example/node_modules/koa/node_modules/koa-compose/index.js:42:32)
    at /Users/tubulang/myPratice/egg/egg-example/node_modules/egg-development/app/middleware/egg_loader_trace.js:9:56
    at dispatch (/Users/tubulang/myPratice/egg/egg-example/node_modules/koa/node_modules/koa-compose/index.js:42:32)
    at i18n (/Users/tubulang/myPratice/egg/egg-example/node_modules/egg-i18n/app/middleware/i18n.js:13:12)
    at dispatch (/Users/tubulang/myPratice/egg/egg-example/node_modules/koa/node_modules/koa-compose/index.js:42:32)
    at dispatch (/Users/tubulang/myPratice/egg/egg-example/node_modules/egg-security/node_modules/koa-compose/index.js:42:32)
    at dta (/Users/tubulang/myPratice/egg/egg-example/node_modules/egg-security/lib/middlewares/dta.js:12:12)
    at dispatch (/Users/tubulang/myPratice/egg/egg-example/node_modules/egg-security/node_modules/koa-compose/index.js:42:32)
    at xframe (/Users/tubulang/myPratice/egg/egg-example/node_modules/egg-security/lib/middlewares/xframe.js:7:11)
    at dispatch (/Users/tubulang/myPratice/egg/egg-example/node_modules/egg-security/node_modules/koa-compose/index.js:42:32)
    at xssProtection (/Users/tubulang/myPratice/egg/egg-example/node_modules/egg-security/lib/middlewares/xssProtection.js:7:11)
    at dispatch (/Users/tubulang/myPratice/egg/egg-example/node_modules/egg-security/node_modules/koa-compose/index.js:42:32)
name: "SequelizeDatabaseError"
parent: {"code":"ER_NO_DEFAULT_FOR_FIELD","errno":1364,"sqlState":"HY000","sqlMessage":"Field 'name' doesn't have a default value","sql":"INSERT INTO `labels` (`id`,`created_at`,`updated_at`) VALUES (DEFAULT,'2019-03-25 01:48:52','2019-03-25 01:48:52');"}
original: {"code":"ER_NO_DEFAULT_FOR_FIELD","errno":1364,"sqlState":"HY000","sqlMessage":"Field 'name' doesn't have a default value","sql":"INSERT INTO `labels` (`id`,`created_at`,`updated_at`) VALUES (DEFAULT,'2019-03-25 01:48:52','2019-03-25 01:48:52');"}
sql: "INSERT INTO `labels` (`id`,`created_at`,`updated_at`) VALUES (DEFAULT,'2019-03-25 01:48:52','2019-03-25 01:48:52');"
pid: 11609
hostname: tubulangdeMacBook-Pro.local

2019-03-25 09:49:50,428 INFO 11609 [egg-sequelize](3ms) Executed (default): INSERT INTO `labels` (`id`,`name`,`creator`,`created_at`,`updated_at`) VALUES (DEFAULT,'五一假期','1','2019-03-25 01:49:50','2019-03-25 01:49:50');
2019-03-25 09:51:16,189 INFO 11617 [egg-sequelize](0ms) Executed (default): SELECT 1+1 AS result
2019-03-25 09:51:19,071 INFO 11619 [egg-sequelize](1ms) Executed (default): SELECT 1+1 AS result
2019-03-25 09:52:40,499 INFO 11619 [egg-sequelize](3ms) Executed (default): SELECT `id`, `name`, `creator`, `created_at`, `updated_at` FROM `labels` AS `label` WHERE `label`.`id` = 1;
2019-03-25 09:52:40,523 INFO 11619 [egg-sequelize](6ms) Executed (default): UPDATE `labels` SET `name`='国庆假期',`creator`='1',`updated_at`='2019-03-25 01:52:40' WHERE `id` = 1
2019-03-25 13:07:00,289 INFO 13712 [egg-sequelize](1ms) Executed (default): SELECT 1+1 AS result
2019-03-25 13:07:11,001 INFO 13712 [egg-sequelize](3ms) Executed (default): SELECT `id`, `name`, `creator`, `created_at`, `updated_at` FROM `labels` AS `label`;
2019-03-25 13:07:36,535 INFO 13712 [egg-sequelize](2ms) Executed (default): SELECT `id`, `name`, `creator`, `created_at`, `updated_at` FROM `labels` AS `label` WHERE `label`.`id` = 1;
2019-03-25 13:07:36,542 INFO 13712 [egg-sequelize](5ms) Executed (default): DELETE FROM `labels` WHERE `id` = 1 LIMIT 1
2019-03-25 13:07:44,960 INFO 13712 [egg-sequelize](1ms) Executed (default): SELECT `id`, `name`, `creator`, `created_at`, `updated_at` FROM `labels` AS `label`;
2019-03-25 13:08:49,467 INFO 13726 [egg-sequelize](0ms) Executed (default): SELECT 1+1 AS result
2019-03-25 13:10:26,395 INFO 13737 [egg-sequelize](1ms) Executed (default): SELECT 1+1 AS result
2019-03-25 13:10:42,662 INFO 13743 [egg-sequelize](1ms) Executed (default): SELECT 1+1 AS result
2019-03-25 13:11:28,796 INFO 13759 [egg-sequelize](0ms) Executed (default): SELECT 1+1 AS result
2019-03-25 22:38:33,190 INFO 20526 [egg-sequelize](1ms) Executed (default): SELECT 1+1 AS result
2019-03-25 22:39:51,120 INFO 20530 [egg-sequelize](1ms) Executed (default): SELECT 1+1 AS result
2019-03-25 22:40:13,303 INFO 20533 [egg-sequelize](1ms) Executed (default): SELECT 1+1 AS result
2019-03-25 22:40:19,163 INFO 20535 [egg-sequelize](1ms) Executed (default): SELECT 1+1 AS result
2019-03-25 22:40:35,683 INFO 20535 [egg-sequelize](8ms) Executed (default): SELECT `id`, `number`, `creator`, `created_at`, `updated_at` FROM `degrees` AS `degree`;
2019-03-25 22:41:43,030 INFO 20535 [egg-sequelize](2ms) Executed (default): INSERT INTO `degrees` (`id`,`creator`,`created_at`,`updated_at`) VALUES (DEFAULT,'1','2019-03-25 14:41:43','2019-03-25 14:41:43');
2019-03-25 22:41:43,037 ERROR 20535 [-/::1/-/44ms POST /degree] nodejs.SequelizeDatabaseError: Field 'number' doesn't have a default value
    at Query.formatError (/Users/tubulang/myPratice/egg/egg-example/node_modules/sequelize/lib/dialects/mysql/query.js:247:16)
    at Query.handler [as onResult] (/Users/tubulang/myPratice/egg/egg-example/node_modules/sequelize/lib/dialects/mysql/query.js:68:23)
    at Query.execute (/Users/tubulang/myPratice/egg/egg-example/node_modules/mysql2/lib/commands/command.js:30:14)
    at Connection.handlePacket (/Users/tubulang/myPratice/egg/egg-example/node_modules/mysql2/lib/connection.js:449:32)
    at PacketParser.Connection.packetParser.p [as onPacket] (/Users/tubulang/myPratice/egg/egg-example/node_modules/mysql2/lib/connection.js:72:12)
    at PacketParser.executeStart (/Users/tubulang/myPratice/egg/egg-example/node_modules/mysql2/lib/packet_parser.js:75:16)
    at Socket.Connection.stream.on.data (/Users/tubulang/myPratice/egg/egg-example/node_modules/mysql2/lib/connection.js:79:25)
    at Socket.emit (events.js:182:13)
    at addChunk (_stream_readable.js:283:12)
    at readableAddChunk (_stream_readable.js:264:11)
    at Socket.Readable.push (_stream_readable.js:219:10)
    at TCP.onStreamRead [as onread] (internal/stream_base_commons.js:94:17)
From previous event:
    at Query.run (/Users/tubulang/myPratice/egg/egg-example/node_modules/sequelize/lib/dialects/mysql/query.js:57:12)
    at Promise.try.then.connection (/Users/tubulang/myPratice/egg/egg-example/node_modules/sequelize/lib/sequelize.js:558:20)
From previous event:
    at Promise.resolve.retryParameters (/Users/tubulang/myPratice/egg/egg-example/node_modules/sequelize/lib/sequelize.js:555:8)
    at /Users/tubulang/myPratice/egg/egg-example/node_modules/retry-as-promised/index.js:39:21
    at retryAsPromised (/Users/tubulang/myPratice/egg/egg-example/node_modules/retry-as-promised/index.js:29:10)
    at Sequelize.query (/Users/tubulang/myPratice/egg/egg-example/node_modules/sequelize/lib/sequelize.js:454:28)
    at QueryInterface.insert (/Users/tubulang/myPratice/egg/egg-example/node_modules/sequelize/lib/query-interface.js:901:27)
    at Promise.try.then.then.then (/Users/tubulang/myPratice/egg/egg-example/node_modules/sequelize/lib/model.js:3685:53)
    at runCallback (timers.js:705:18)
    at tryOnImmediate (timers.js:676:5)
    at processImmediate (timers.js:658:5)
From previous event:
    at model.save (/Users/tubulang/myPratice/egg/egg-example/node_modules/sequelize/lib/model.js:3661:8)
    at Function.create (/Users/tubulang/myPratice/egg/egg-example/node_modules/sequelize/lib/model.js:2023:8)
    at DegreeController.create (/Users/tubulang/myPratice/egg/egg-example/app/controller/degree.js:25:43)
    at Object.callFn (/Users/tubulang/myPratice/egg/egg-example/node_modules/egg-core/lib/utils/index.js:44:21)
    at Object.classControllerMiddleware (/Users/tubulang/myPratice/egg/egg-example/node_modules/egg-core/lib/loader/mixin/controller.js:87:20)
    at Object.callFn (/Users/tubulang/myPratice/egg/egg-example/node_modules/@eggjs/router/lib/utils.js:12:21)
    at wrappedController (/Users/tubulang/myPratice/egg/egg-example/node_modules/@eggjs/router/lib/egg_router.js:322:18)
    at dispatch (/Users/tubulang/myPratice/egg/egg-example/node_modules/koa-compose/index.js:44:32)
    at next (/Users/tubulang/myPratice/egg/egg-example/node_modules/koa-compose/index.js:45:18)
    at /Users/tubulang/myPratice/egg/egg-example/node_modules/@eggjs/router/lib/router.js:190:18
    at dispatch (/Users/tubulang/myPratice/egg/egg-example/node_modules/koa-compose/index.js:44:32)
    at /Users/tubulang/myPratice/egg/egg-example/node_modules/koa-compose/index.js:36:12
    at dispatch (/Users/tubulang/myPratice/egg/egg-example/node_modules/@eggjs/router/lib/router.js:195:33)
    at dispatch (/Users/tubulang/myPratice/egg/egg-example/node_modules/koa/node_modules/koa-compose/index.js:42:32)
    at /Users/tubulang/myPratice/egg/egg-example/node_modules/egg-development/app/middleware/egg_loader_trace.js:9:56
    at dispatch (/Users/tubulang/myPratice/egg/egg-example/node_modules/koa/node_modules/koa-compose/index.js:42:32)
    at i18n (/Users/tubulang/myPratice/egg/egg-example/node_modules/egg-i18n/app/middleware/i18n.js:13:12)
    at dispatch (/Users/tubulang/myPratice/egg/egg-example/node_modules/koa/node_modules/koa-compose/index.js:42:32)
    at dispatch (/Users/tubulang/myPratice/egg/egg-example/node_modules/egg-security/node_modules/koa-compose/index.js:42:32)
    at dta (/Users/tubulang/myPratice/egg/egg-example/node_modules/egg-security/lib/middlewares/dta.js:12:12)
    at dispatch (/Users/tubulang/myPratice/egg/egg-example/node_modules/egg-security/node_modules/koa-compose/index.js:42:32)
    at xframe (/Users/tubulang/myPratice/egg/egg-example/node_modules/egg-security/lib/middlewares/xframe.js:7:11)
    at dispatch (/Users/tubulang/myPratice/egg/egg-example/node_modules/egg-security/node_modules/koa-compose/index.js:42:32)
    at xssProtection (/Users/tubulang/myPratice/egg/egg-example/node_modules/egg-security/lib/middlewares/xssProtection.js:7:11)
    at dispatch (/Users/tubulang/myPratice/egg/egg-example/node_modules/egg-security/node_modules/koa-compose/index.js:42:32)
name: "SequelizeDatabaseError"
parent: {"code":"ER_NO_DEFAULT_FOR_FIELD","errno":1364,"sqlState":"HY000","sqlMessage":"Field 'number' doesn't have a default value","sql":"INSERT INTO `degrees` (`id`,`creator`,`created_at`,`updated_at`) VALUES (DEFAULT,'1','2019-03-25 14:41:43','2019-03-25 14:41:43');"}
original: {"code":"ER_NO_DEFAULT_FOR_FIELD","errno":1364,"sqlState":"HY000","sqlMessage":"Field 'number' doesn't have a default value","sql":"INSERT INTO `degrees` (`id`,`creator`,`created_at`,`updated_at`) VALUES (DEFAULT,'1','2019-03-25 14:41:43','2019-03-25 14:41:43');"}
sql: "INSERT INTO `degrees` (`id`,`creator`,`created_at`,`updated_at`) VALUES (DEFAULT,'1','2019-03-25 14:41:43','2019-03-25 14:41:43');"
pid: 20535
hostname: tubulangdeMacBook-Pro.local

2019-03-25 22:42:17,951 INFO 20539 [egg-sequelize](1ms) Executed (default): SELECT 1+1 AS result
2019-03-25 22:42:33,670 INFO 20539 [egg-sequelize](2ms) Executed (default): INSERT INTO `degrees` (`id`,`creator`,`created_at`,`updated_at`) VALUES (DEFAULT,'1','2019-03-25 14:42:33','2019-03-25 14:42:33');
2019-03-25 22:42:33,677 ERROR 20539 [-/::1/-/38ms POST /degree] nodejs.SequelizeDatabaseError: Field 'number' doesn't have a default value
    at Query.formatError (/Users/tubulang/myPratice/egg/egg-example/node_modules/sequelize/lib/dialects/mysql/query.js:247:16)
    at Query.handler [as onResult] (/Users/tubulang/myPratice/egg/egg-example/node_modules/sequelize/lib/dialects/mysql/query.js:68:23)
    at Query.execute (/Users/tubulang/myPratice/egg/egg-example/node_modules/mysql2/lib/commands/command.js:30:14)
    at Connection.handlePacket (/Users/tubulang/myPratice/egg/egg-example/node_modules/mysql2/lib/connection.js:449:32)
    at PacketParser.Connection.packetParser.p [as onPacket] (/Users/tubulang/myPratice/egg/egg-example/node_modules/mysql2/lib/connection.js:72:12)
    at PacketParser.executeStart (/Users/tubulang/myPratice/egg/egg-example/node_modules/mysql2/lib/packet_parser.js:75:16)
    at Socket.Connection.stream.on.data (/Users/tubulang/myPratice/egg/egg-example/node_modules/mysql2/lib/connection.js:79:25)
    at Socket.emit (events.js:182:13)
    at addChunk (_stream_readable.js:283:12)
    at readableAddChunk (_stream_readable.js:264:11)
    at Socket.Readable.push (_stream_readable.js:219:10)
    at TCP.onStreamRead [as onread] (internal/stream_base_commons.js:94:17)
From previous event:
    at Query.run (/Users/tubulang/myPratice/egg/egg-example/node_modules/sequelize/lib/dialects/mysql/query.js:57:12)
    at Promise.try.then.connection (/Users/tubulang/myPratice/egg/egg-example/node_modules/sequelize/lib/sequelize.js:558:20)
From previous event:
    at Promise.resolve.retryParameters (/Users/tubulang/myPratice/egg/egg-example/node_modules/sequelize/lib/sequelize.js:555:8)
    at /Users/tubulang/myPratice/egg/egg-example/node_modules/retry-as-promised/index.js:39:21
    at retryAsPromised (/Users/tubulang/myPratice/egg/egg-example/node_modules/retry-as-promised/index.js:29:10)
    at Sequelize.query (/Users/tubulang/myPratice/egg/egg-example/node_modules/sequelize/lib/sequelize.js:454:28)
    at QueryInterface.insert (/Users/tubulang/myPratice/egg/egg-example/node_modules/sequelize/lib/query-interface.js:901:27)
    at Promise.try.then.then.then (/Users/tubulang/myPratice/egg/egg-example/node_modules/sequelize/lib/model.js:3685:53)
    at runCallback (timers.js:705:18)
    at tryOnImmediate (timers.js:676:5)
    at processImmediate (timers.js:658:5)
From previous event:
    at model.save (/Users/tubulang/myPratice/egg/egg-example/node_modules/sequelize/lib/model.js:3661:8)
    at Function.create (/Users/tubulang/myPratice/egg/egg-example/node_modules/sequelize/lib/model.js:2023:8)
    at DegreeController.create (/Users/tubulang/myPratice/egg/egg-example/app/controller/degree.js:25:43)
    at Object.callFn (/Users/tubulang/myPratice/egg/egg-example/node_modules/egg-core/lib/utils/index.js:44:21)
    at Object.classControllerMiddleware (/Users/tubulang/myPratice/egg/egg-example/node_modules/egg-core/lib/loader/mixin/controller.js:87:20)
    at Object.callFn (/Users/tubulang/myPratice/egg/egg-example/node_modules/@eggjs/router/lib/utils.js:12:21)
    at wrappedController (/Users/tubulang/myPratice/egg/egg-example/node_modules/@eggjs/router/lib/egg_router.js:322:18)
    at dispatch (/Users/tubulang/myPratice/egg/egg-example/node_modules/koa-compose/index.js:44:32)
    at next (/Users/tubulang/myPratice/egg/egg-example/node_modules/koa-compose/index.js:45:18)
    at /Users/tubulang/myPratice/egg/egg-example/node_modules/@eggjs/router/lib/router.js:190:18
    at dispatch (/Users/tubulang/myPratice/egg/egg-example/node_modules/koa-compose/index.js:44:32)
    at /Users/tubulang/myPratice/egg/egg-example/node_modules/koa-compose/index.js:36:12
    at dispatch (/Users/tubulang/myPratice/egg/egg-example/node_modules/@eggjs/router/lib/router.js:195:33)
    at dispatch (/Users/tubulang/myPratice/egg/egg-example/node_modules/koa/node_modules/koa-compose/index.js:42:32)
    at /Users/tubulang/myPratice/egg/egg-example/node_modules/egg-development/app/middleware/egg_loader_trace.js:9:56
    at dispatch (/Users/tubulang/myPratice/egg/egg-example/node_modules/koa/node_modules/koa-compose/index.js:42:32)
    at i18n (/Users/tubulang/myPratice/egg/egg-example/node_modules/egg-i18n/app/middleware/i18n.js:13:12)
    at dispatch (/Users/tubulang/myPratice/egg/egg-example/node_modules/koa/node_modules/koa-compose/index.js:42:32)
    at dispatch (/Users/tubulang/myPratice/egg/egg-example/node_modules/egg-security/node_modules/koa-compose/index.js:42:32)
    at dta (/Users/tubulang/myPratice/egg/egg-example/node_modules/egg-security/lib/middlewares/dta.js:12:12)
    at dispatch (/Users/tubulang/myPratice/egg/egg-example/node_modules/egg-security/node_modules/koa-compose/index.js:42:32)
    at xframe (/Users/tubulang/myPratice/egg/egg-example/node_modules/egg-security/lib/middlewares/xframe.js:7:11)
    at dispatch (/Users/tubulang/myPratice/egg/egg-example/node_modules/egg-security/node_modules/koa-compose/index.js:42:32)
    at xssProtection (/Users/tubulang/myPratice/egg/egg-example/node_modules/egg-security/lib/middlewares/xssProtection.js:7:11)
    at dispatch (/Users/tubulang/myPratice/egg/egg-example/node_modules/egg-security/node_modules/koa-compose/index.js:42:32)
name: "SequelizeDatabaseError"
parent: {"code":"ER_NO_DEFAULT_FOR_FIELD","errno":1364,"sqlState":"HY000","sqlMessage":"Field 'number' doesn't have a default value","sql":"INSERT INTO `degrees` (`id`,`creator`,`created_at`,`updated_at`) VALUES (DEFAULT,'1','2019-03-25 14:42:33','2019-03-25 14:42:33');"}
original: {"code":"ER_NO_DEFAULT_FOR_FIELD","errno":1364,"sqlState":"HY000","sqlMessage":"Field 'number' doesn't have a default value","sql":"INSERT INTO `degrees` (`id`,`creator`,`created_at`,`updated_at`) VALUES (DEFAULT,'1','2019-03-25 14:42:33','2019-03-25 14:42:33');"}
sql: "INSERT INTO `degrees` (`id`,`creator`,`created_at`,`updated_at`) VALUES (DEFAULT,'1','2019-03-25 14:42:33','2019-03-25 14:42:33');"
pid: 20539
hostname: tubulangdeMacBook-Pro.local

2019-03-25 22:43:23,109 INFO 20548 [egg-sequelize](1ms) Executed (default): SELECT 1+1 AS result
2019-03-25 22:43:26,427 INFO 20548 [egg-sequelize](11ms) Executed (default): INSERT INTO `degrees` (`id`,`number`,`creator`,`created_at`,`updated_at`) VALUES (DEFAULT,'1','1','2019-03-25 14:43:26','2019-03-25 14:43:26');
2019-03-25 22:43:43,900 INFO 20548 [egg-sequelize](5ms) Executed (default): SELECT `id`, `number`, `creator`, `created_at`, `updated_at` FROM `degrees` AS `degree` WHERE `degree`.`id` = 1;
2019-03-25 22:43:43,910 INFO 20548 [egg-sequelize](4ms) Executed (default): UPDATE `degrees` SET `creator`='1',`updated_at`='2019-03-25 14:43:43' WHERE `id` = 1
2019-03-25 22:43:51,788 INFO 20548 [egg-sequelize](1ms) Executed (default): SELECT `id`, `number`, `creator`, `created_at`, `updated_at` FROM `degrees` AS `degree` WHERE `degree`.`id` = 1;
2019-03-25 22:43:51,793 INFO 20548 [egg-sequelize](1ms) Executed (default): UPDATE `degrees` SET `creator`='1',`updated_at`='2019-03-25 14:43:51' WHERE `id` = 1
2019-03-25 22:44:42,202 INFO 20552 [egg-sequelize](1ms) Executed (default): SELECT 1+1 AS result
2019-03-25 22:44:44,975 INFO 20552 [egg-sequelize](2ms) Executed (default): SELECT `id`, `number`, `creator`, `created_at`, `updated_at` FROM `degrees` AS `degree` WHERE `degree`.`id` = 1;
2019-03-25 22:44:44,991 INFO 20552 [egg-sequelize](1ms) Executed (default): UPDATE `degrees` SET `number`='2',`creator`='1',`updated_at`='2019-03-25 14:44:44' WHERE `id` = 1
2019-03-25 22:44:50,862 INFO 20552 [egg-sequelize](1ms) Executed (default): SELECT `id`, `number`, `creator`, `created_at`, `updated_at` FROM `degrees` AS `degree` WHERE `degree`.`id` = 1;
2019-03-25 22:44:50,866 INFO 20552 [egg-sequelize](1ms) Executed (default): DELETE FROM `degrees` WHERE `id` = 1 LIMIT 1
2019-03-25 22:45:00,354 INFO 20552 [egg-sequelize](1ms) Executed (default): SELECT `id`, `number`, `creator`, `created_at`, `updated_at` FROM `degrees` AS `degree`;
2019-03-25 22:46:34,273 INFO 20556 [egg-sequelize](1ms) Executed (default): SELECT 1+1 AS result
2019-03-25 22:46:58,948 INFO 20559 [egg-sequelize](2ms) Executed (default): SELECT 1+1 AS result
2019-03-25 22:47:02,630 INFO 20559 [egg-sequelize](1ms) Executed (default): SELECT `id`, `number`, `creator`, `created_at`, `updated_at` FROM `degrees` AS `degree` WHERE `degree`.`id` = 1;
2019-03-25 22:47:17,614 INFO 20559 [egg-sequelize](1ms) Executed (default): INSERT INTO `degrees` (`id`,`number`,`creator`,`created_at`,`updated_at`) VALUES (DEFAULT,'2','1','2019-03-25 14:47:17','2019-03-25 14:47:17');
2019-03-25 22:47:25,060 INFO 20559 [egg-sequelize](1ms) Executed (default): SELECT `id`, `number`, `creator`, `created_at`, `updated_at` FROM `degrees` AS `degree` WHERE `degree`.`id` = 1;
2019-03-25 22:47:31,162 INFO 20559 [egg-sequelize](1ms) Executed (default): SELECT `id`, `number`, `creator`, `created_at`, `updated_at` FROM `degrees` AS `degree` WHERE `degree`.`id` = 1;
2019-03-25 22:47:37,664 INFO 20559 [egg-sequelize](2ms) Executed (default): SELECT `id`, `number`, `creator`, `created_at`, `updated_at` FROM `degrees` AS `degree`;
2019-03-25 22:48:02,909 INFO 20559 [egg-sequelize](1ms) Executed (default): SELECT `id`, `number`, `creator`, `created_at`, `updated_at` FROM `degrees` AS `degree`;
2019-03-25 22:48:06,556 INFO 20559 [egg-sequelize](1ms) Executed (default): SELECT `id`, `number`, `creator`, `created_at`, `updated_at` FROM `degrees` AS `degree`;
2019-03-25 22:48:16,764 INFO 20559 [egg-sequelize](1ms) Executed (default): SELECT `id`, `number`, `creator`, `created_at`, `updated_at` FROM `degrees` AS `degree` WHERE `degree`.`id` = 3;
2019-03-25 22:48:20,439 INFO 20559 [egg-sequelize](1ms) Executed (default): SELECT `id`, `number`, `creator`, `created_at`, `updated_at` FROM `degrees` AS `degree` WHERE `degree`.`id` = 2;
2019-03-25 22:50:16,337 INFO 20573 [egg-sequelize](2ms) Executed (default): SELECT 1+1 AS result
2019-03-25 22:51:38,683 INFO 20613 [egg-sequelize](1ms) Executed (default): SELECT 1+1 AS result
2019-03-25 22:52:25,663 INFO 20619 [egg-sequelize](1ms) Executed (default): SELECT 1+1 AS result
2019-03-25 22:54:47,640 INFO 20630 [egg-sequelize](1ms) Executed (default): SELECT 1+1 AS result
2019-03-25 22:54:55,501 INFO 20635 [egg-sequelize](1ms) Executed (default): SELECT 1+1 AS result
2019-03-25 22:55:42,786 INFO 20641 [egg-sequelize](1ms) Executed (default): SELECT 1+1 AS result
2019-03-25 23:50:40,002 INFO 20804 [egg-sequelize](1ms) Executed (default): SELECT 1+1 AS result
2019-03-25 23:50:58,287 INFO 20804 [egg-sequelize](1ms) Executed (default): SELECT `id`, `number`, `creator`, `created_at`, `updated_at` FROM `degrees` AS `degree` WHERE `degree`.`id` = 2;
2019-03-25 23:51:01,938 INFO 20804 [egg-sequelize](1ms) Executed (default): SELECT `id`, `number`, `creator`, `created_at`, `updated_at` FROM `degrees` AS `degree`;
2019-03-25 23:51:11,978 INFO 20804 [egg-sequelize](2ms) Executed (default): SELECT `id`, `name`, `miniUserId`, `created_at`, `updated_at` FROM `userInfos` AS `userInfo`;
